[META] AttrLoaded {Ino: 1} [base.go:975]
[META] Lookup {Name: ndarrays, ParentIno: 1, FoundIno: 6145} [redis.go:777]
[META] AttrHit {Ino: 15361} [openfile.go:163]
[OBJECT] LoadToMemoryCache {Key: chunks/0/65/65537_0_128} [disk_cache.go:410]
[OBJECT] LoadToDiskCache {Key: chunks/0/65/65537_0_128} [disk_cache.go:413]
PUT chunks/0/65/65537_0_128 (req_id: "", err: <nil>, cost: 1.787391ms) [cached_store.go:695]
PUT chunks/0/65/65538_0_4194304 (req_id: "", err: <nil>, cost: 2.66808ms) [cached_store.go:695]
PUT chunks/0/65/65538_2_4194304 (req_id: "", err: <nil>, cost: 4.058904ms) [cached_store.go:695]
PUT chunks/0/65/65538_1_4194304 (req_id: "", err: <nil>, cost: 14.967305ms) [cached_store.go:695]
PUT chunks/0/65/65538_3_4194304 (req_id: "", err: <nil>, cost: 3.821803ms) [cached_store.go:695]
PUT chunks/0/65/65538_4_4194304 (req_id: "", err: <nil>, cost: 5.906712ms) [cached_store.go:695]
PUT chunks/0/65/65538_5_4194304 (req_id: "", err: <nil>, cost: 4.065641ms) [cached_store.go:695]
PUT chunks/0/65/65538_6_4194304 (req_id: "", err: <nil>, cost: 5.065827ms) [cached_store.go:695]
[OBJECT] LoadToMemoryCache {Key: chunks/0/65/65538_7_2639872} [disk_cache.go:410]
[OBJECT] LoadToDiskCache {Key: chunks/0/65/65538_7_2639872} [disk_cache.go:413]
PUT chunks/0/65/65538_7_2639872 (req_id: "", err: <nil>, cost: 3.611936ms) [cached_store.go:695]
[META] AttrLoaded {Ino: 1} [base.go:975]
[META] Lookup {Name: ndarrays, ParentIno: 1, FoundIno: 6145} [redis.go:777]
[META] Lookup {Name: debug1.npy, ParentIno: 6145, FoundIno: 15361} [redis.go:777]
[META] AttrLoaded {Ino: 15361} [base.go:975]
[READAHEAD] Readahead {off: 131072, len: 4194304} [reader.go:551]
[READAHEAD] Readahead {off: 4194304, len: 4194304} [reader.go:551]
[META] LoadSlices {Ino: 15361, Chunk_id: 0} [base.go:1501]
[META] CacheLoadedSlices {Ino: 15361, Chunk_id: 0} [base.go:1522]
[META] LoadSlices {Ino: 15361, Chunk_id: 0} [base.go:1501]
[META] CacheLoadedSlices {Ino: 15361, Chunk_id: 0} [base.go:1522]
[OBJECT] PartialGET {Key: chunks/0/65/65538_0_4194304, Range: [4194176, 128], Ino: %!d(<nil>)} [cached_store.go:186]
[OBJECT] Prefetch {Key: chunks/0/65/65538_0_4194304, Ino: %!d(<nil>)} [cached_store.go:197]
[OBJECT] GetFromDiskCache {Key: chunks/0/65/65537_0_128, Location: 65537_0_128, Ino: } [disk_cache.go:617]
[META] LoadSlices {Ino: 15361, Chunk_id: 0} [base.go:1501]
[META] CacheLoadedSlices {Ino: 15361, Chunk_id: 0} [base.go:1522]
[OBJECT] GetFromObjectStorage {Key: chunks/0/65/65538_0_4194304, Ino: } [cached_store.go:735]
[OBJECT] GetFromObjectStorage {Key: chunks/0/65/65538_1_4194304, Ino: } [cached_store.go:735]
[OBJECT] LoadToMemoryCache {Key: chunks/0/65/65538_0_4194304} [disk_cache.go:410]
[OBJECT] LoadToDiskCache {Key: chunks/0/65/65538_0_4194304} [disk_cache.go:413]
[OBJECT] LoadToMemoryCache {Key: chunks/0/65/65538_1_4194304} [disk_cache.go:410]
[OBJECT] LoadToDiskCache {Key: chunks/0/65/65538_1_4194304} [disk_cache.go:413]
[META] AttrHit {Ino: 15361} [openfile.go:163]
[READAHEAD] Readahead {off: 8388608, len: 4194304} [reader.go:551]
[READAHEAD] Readahead {off: 12582912, len: 4194304} [reader.go:551]
[META] CachedSlicesHit {Ino: 15361, Chunk_id: 0} [base.go:1493]
[META] CachedSlicesHit {Ino: 15361, Chunk_id: 0} [base.go:1493]
[OBJECT] GetFromDiskCache {Key: chunks/0/65/65538_1_4194304, Location: 65538_1_4194304, Ino: } [disk_cache.go:617]
[OBJECT] PartialGET {Key: chunks/0/65/65538_2_4194304, Range: [4194176, 128], Ino: %!d(<nil>)} [cached_store.go:186]
[OBJECT] Prefetch {Key: chunks/0/65/65538_2_4194304, Ino: %!d(<nil>)} [cached_store.go:197]
[OBJECT] GetFromObjectStorage {Key: chunks/0/65/65538_2_4194304, Ino: } [cached_store.go:735]
[OBJECT] LoadToMemoryCache {Key: chunks/0/65/65538_2_4194304} [disk_cache.go:410]
[OBJECT] LoadToDiskCache {Key: chunks/0/65/65538_2_4194304} [disk_cache.go:413]
[OBJECT] GetFromObjectStorage {Key: chunks/0/65/65538_3_4194304, Ino: } [cached_store.go:735]
[OBJECT] LoadToMemoryCache {Key: chunks/0/65/65538_3_4194304} [disk_cache.go:410]
[OBJECT] LoadToDiskCache {Key: chunks/0/65/65538_3_4194304} [disk_cache.go:413]
[READAHEAD] Readahead {off: 16777216, len: 4194304} [reader.go:551]
[READAHEAD] Readahead {off: 20971520, len: 4194304} [reader.go:551]
[META] CachedSlicesHit {Ino: 15361, Chunk_id: 0} [base.go:1493]
[OBJECT] GetFromMemoryCache {Key: chunks/0/65/65538_3_4194304, Ino: } [disk_cache.go:597]
[META] CachedSlicesHit {Ino: 15361, Chunk_id: 0} [base.go:1493]
[OBJECT] GetFromObjectStorage {Key: chunks/0/65/65538_4_4194304, Ino: } [cached_store.go:735]
[OBJECT] LoadToMemoryCache {Key: chunks/0/65/65538_4_4194304} [disk_cache.go:410]
[OBJECT] LoadToDiskCache {Key: chunks/0/65/65538_4_4194304} [disk_cache.go:413]
[READAHEAD] Readahead {off: 25165824, len: 4194304} [reader.go:551]
[META] CachedSlicesHit {Ino: 15361, Chunk_id: 0} [base.go:1493]
[READAHEAD] Readahead {off: 29360128, len: 4194304} [reader.go:551]
[META] CachedSlicesHit {Ino: 15361, Chunk_id: 0} [base.go:1493]
[OBJECT] PartialGET {Key: chunks/0/65/65538_6_4194304, Range: [4194176, 128], Ino: %!d(<nil>)} [cached_store.go:186]
[OBJECT] Prefetch {Key: chunks/0/65/65538_6_4194304, Ino: %!d(<nil>)} [cached_store.go:197]
[OBJECT] GetFromDiskCache {Key: chunks/0/65/65538_7_2639872, Location: 65538_7_2639872, Ino: } [disk_cache.go:617]
[OBJECT] GetFromObjectStorage {Key: chunks/0/65/65538_6_4194304, Ino: } [cached_store.go:735]
[OBJECT] LoadToMemoryCache {Key: chunks/0/65/65538_6_4194304} [disk_cache.go:410]
[OBJECT] LoadToDiskCache {Key: chunks/0/65/65538_6_4194304} [disk_cache.go:413]
[OBJECT] GetFromObjectStorage {Key: chunks/0/65/65538_5_4194304, Ino: } [cached_store.go:735]
[OBJECT] LoadToMemoryCache {Key: chunks/0/65/65538_5_4194304} [disk_cache.go:410]
[OBJECT] LoadToDiskCache {Key: chunks/0/65/65538_5_4194304} [disk_cache.go:413]
[OBJECT] GetFromMemoryCache {Key: chunks/0/65/65538_6_4194304, Ino: } [disk_cache.go:597]
[META] AttrLoaded {Ino: 1} [base.go:975]
[META] Lookup {Name: ndarrays, ParentIno: 1, FoundIno: 6145} [redis.go:777]
[META] Lookup {Name: debug1.npy, ParentIno: 6145, FoundIno: 15361} [redis.go:777]
[META] AttrLoaded {Ino: 1} [base.go:975]
[META] AttrLoaded {Ino: 1} [base.go:975]
[META] Lookup {Name: ndarrays, ParentIno: 1, FoundIno: 6145} [redis.go:777]
[META] Lookup {Name: debug1.npy, ParentIno: 6145, FoundIno: 15361} [redis.go:777]
[META] AttrLoaded {Ino: 1} [base.go:975]
[META] Lookup {Name: ndarrays, ParentIno: 1, FoundIno: 6145} [redis.go:777]
[META] Lookup {Name: debug1.npy, ParentIno: 6145, FoundIno: 15361} [redis.go:777]
[META] AttrLoaded {Ino: 1} [base.go:975]
[META] Lookup {Name: ndarrays, ParentIno: 1, FoundIno: 6145} [redis.go:777]
[META] Lookup {Name: debug.npy, ParentIno: 6145, FoundIno: 14337} [redis.go:777]
[META] AttrLoaded {Ino: 14337} [base.go:975]
[READAHEAD] Readahead {off: 131072, len: 4194304} [reader.go:551]
[READAHEAD] Readahead {off: 4194304, len: 4194304} [reader.go:551]
[META] LoadSlices {Ino: 14337, Chunk_id: 0} [base.go:1501]
[META] CacheLoadedSlices {Ino: 14337, Chunk_id: 0} [base.go:1522]
[META] LoadSlices {Ino: 14337, Chunk_id: 0} [base.go:1501]
[META] CacheLoadedSlices {Ino: 14337, Chunk_id: 0} [base.go:1522]
[META] LoadSlices {Ino: 14337, Chunk_id: 0} [base.go:1501]
[META] CacheLoadedSlices {Ino: 14337, Chunk_id: 0} [base.go:1522]
[OBJECT] GetFromDiskCache {Key: chunks/0/61/61441_0_128, Location: 61441_0_128, Ino: } [disk_cache.go:617]
[OBJECT] GetFromDiskCache {Key: chunks/0/61/61442_0_4194304, Location: 61442_0_4194304, Ino: } [disk_cache.go:617]
[OBJECT] GetFromDiskCache {Key: chunks/0/61/61442_0_4194304, Location: 61442_0_4194304, Ino: } [disk_cache.go:617]
[OBJECT] GetFromDiskCache {Key: chunks/0/61/61442_0_4194304, Location: 61442_0_4194304, Ino: } [disk_cache.go:617]
[OBJECT] GetFromDiskCache {Key: chunks/0/61/61442_1_4194304, Location: 61442_1_4194304, Ino: } [disk_cache.go:617]
[META] AttrHit {Ino: 14337} [openfile.go:163]
[READAHEAD] Readahead {off: 8388608, len: 4194304} [reader.go:551]
[READAHEAD] Readahead {off: 12582912, len: 4194304} [reader.go:551]
[META] CachedSlicesHit {Ino: 14337, Chunk_id: 0} [base.go:1493]
[META] CachedSlicesHit {Ino: 14337, Chunk_id: 0} [base.go:1493]
[OBJECT] GetFromDiskCache {Key: chunks/0/61/61442_1_4194304, Location: 61442_1_4194304, Ino: } [disk_cache.go:617]
[OBJECT] GetFromDiskCache {Key: chunks/0/61/61442_2_4194304, Location: 61442_2_4194304, Ino: } [disk_cache.go:617]
[OBJECT] GetFromDiskCache {Key: chunks/0/61/61442_2_4194304, Location: 61442_2_4194304, Ino: } [disk_cache.go:617]
[OBJECT] GetFromDiskCache {Key: chunks/0/61/61442_3_4194304, Location: 61442_3_4194304, Ino: } [disk_cache.go:617]
[READAHEAD] Readahead {off: 16777216, len: 8388608} [reader.go:551]
[READAHEAD] Readahead {off: 20971520, len: 4194304} [reader.go:551]
[META] CachedSlicesHit {Ino: 14337, Chunk_id: 0} [base.go:1493]
[META] CachedSlicesHit {Ino: 14337, Chunk_id: 0} [base.go:1493]
[OBJECT] GetFromDiskCache {Key: chunks/0/61/61442_3_4194304, Location: 61442_3_4194304, Ino: } [disk_cache.go:617]
[OBJECT] GetFromDiskCache {Key: chunks/0/61/61442_4_4194304, Location: 61442_4_4194304, Ino: } [disk_cache.go:617]
[READAHEAD] Readahead {off: 25165824, len: 4194304} [reader.go:551]
[META] CachedSlicesHit {Ino: 14337, Chunk_id: 0} [base.go:1493]
[OBJECT] GetFromDiskCache {Key: chunks/0/61/61442_5_4194304, Location: 61442_5_4194304, Ino: } [disk_cache.go:617]
[OBJECT] GetFromDiskCache {Key: chunks/0/61/61442_4_4194304, Location: 61442_4_4194304, Ino: } [disk_cache.go:617]
[OBJECT] GetFromDiskCache {Key: chunks/0/61/61442_6_4194304, Location: 61442_6_4194304, Ino: } [disk_cache.go:617]
[OBJECT] GetFromDiskCache {Key: chunks/0/61/61442_5_4194304, Location: 61442_5_4194304, Ino: } [disk_cache.go:617]
[READAHEAD] Readahead {off: 29360128, len: 14680064} [reader.go:551]
[META] CachedSlicesHit {Ino: 14337, Chunk_id: 0} [base.go:1493]
[OBJECT] GetFromDiskCache {Key: chunks/0/61/61442_6_4194304, Location: 61442_6_4194304, Ino: } [disk_cache.go:617]
[OBJECT] GetFromDiskCache {Key: chunks/0/61/61442_7_2639872, Location: 61442_7_2639872, Ino: } [disk_cache.go:617]
[META] AttrLoaded {Ino: 1} [base.go:975]
[META] Lookup {Name: ndarrays, ParentIno: 1, FoundIno: 6145} [redis.go:777]
[META] Lookup {Name: debug.npy, ParentIno: 6145, FoundIno: 14337} [redis.go:777]
2024/12/25 14:30:02.736889 juicefs[25463] <DEBUG>: maxprocs: Leaving GOMAXPROCS=8: CPU quota undefined [maxprocs.go:47]
2024/12/25 14:30:02.737633 juicefs[25463] <DEBUG>: Debug agent listening on 127.0.0.1:6060 [main.go:321]
2024/12/25 14:30:02.738411 juicefs[25463] <INFO>: Meta address: redis://localhost:6379/1 [interface.go:506]
2024/12/25 14:30:02.749618 juicefs[25463] <WARNING>: AOF is not enabled, you may lose data if Redis is not shutdown properly. [info.go:84]
2024/12/25 14:30:02.750080 juicefs[25463] <INFO>: Ping redis latency: 327.183µs [redis.go:3544]
2024/12/25 14:30:02.755143 juicefs[25463] <DEBUG>: Creating file storage at endpoint /home/kaifengpeng/.juicefs/local/ [object_storage.go:167]
2024/12/25 14:30:02.756395 juicefs[25463] <INFO>: Data use file:///home/kaifengpeng/.juicefs/local/redis-jfs/ [mount.go:635]
2024/12/25 14:30:02.817709 juicefs[25477] <DEBUG>: maxprocs: Leaving GOMAXPROCS=8: CPU quota undefined [maxprocs.go:47]
2024/12/25 14:30:02.817954 juicefs[25477] <INFO>: Meta address: redis://localhost:6379/1 [interface.go:506]
2024/12/25 14:30:02.818082 juicefs[25477] <DEBUG>: Debug agent listening on 127.0.0.1:6060 [main.go:321]
2024/12/25 14:30:02.818505 juicefs[25477] <DEBUG>: Debug agent listening on 127.0.0.1:6061 [main.go:321]
2024/12/25 14:30:02.820465 juicefs[25477] <WARNING>: AOF is not enabled, you may lose data if Redis is not shutdown properly. [info.go:84]
2024/12/25 14:30:02.820871 juicefs[25477] <INFO>: Ping redis latency: 329.049µs [redis.go:3544]
2024/12/25 14:30:02.822385 juicefs[25477] <DEBUG>: Creating file storage at endpoint /home/kaifengpeng/.juicefs/local/ [object_storage.go:167]
2024/12/25 14:30:02.822458 juicefs[25477] <INFO>: Data use file:///home/kaifengpeng/.juicefs/local/redis-jfs/ [mount.go:635]
2024/12/25 14:30:02.822480 juicefs[25477] <INFO>: JuiceFS version 1.3.0-dev+unknown [mount.go:675]
2024/12/25 14:30:02.824430 juicefs[25477] <INFO>: Disk cache (/home/kaifengpeng/.juicefs/cache/8f493e9a-93ba-4504-81cd-3d7952b04fc6/): capacity (100 GiB), free ratio 10%, used ratio - [space 13.8%, inode 2.1%], max pending pages 15 [disk_cache.go:145]
2024/12/25 14:30:02.825358 juicefs[25477] <DEBUG>: Scan /home/kaifengpeng/.juicefs/cache/8f493e9a-93ba-4504-81cd-3d7952b04fc6/rawstaging to find staging blocks [disk_cache.go:910]
2024/12/25 14:30:02.825507 juicefs[25477] <DEBUG>: Scan /home/kaifengpeng/.juicefs/cache/8f493e9a-93ba-4504-81cd-3d7952b04fc6/raw to find cached blocks [disk_cache.go:863]
2024/12/25 14:30:02.830622 juicefs[25477] <INFO>: Create session 92 OK with version: 1.3.0-dev+unknown [base.go:455]
2024/12/25 14:30:02.834076 juicefs[25477] <INFO>: Prometheus metrics listening on 127.0.0.1:9567 [mount.go:135]
2024/12/25 14:30:02.834577 juicefs[25477] <DEBUG>: Found 65 cached blocks (216 MiB) in /home/kaifengpeng/.juicefs/cache/8f493e9a-93ba-4504-81cd-3d7952b04fc6/ with 9.068822ms [disk_cache.go:895]
2024/12/25 14:30:02.835078 juicefs[25477] <INFO>: Mounting volume redis-jfs at /mnt/jfs ... [mount_unix.go:870]
2024/12/25 14:30:02.835141 juicefs[25477] <WARNING>: setpriority: permission denied [fuse.go:434]
2024/12/25 14:30:02.835397 juicefs[25477] <DEBUG>: /dev/fuse is already granted [device_linux.go:96]
2024/12/25 14:30:02.863976 juicefs[25463] <DEBUG>: msg:  fds: [] [passfd.go:146]
2024/12/25 14:30:02.864194 juicefs[25463] <DEBUG>: recv FUSE fd: 13 [passfd.go:133]
2024/12/25 14:30:03.260746 juicefs[25477] <DEBUG>: [META] AttrLoaded {Ino: 1} [base.go:975]
2024/12/25 14:30:03.261350 juicefs[25463] <INFO>: [92mOK[0m, redis-jfs is ready at /mnt/jfs [mount_unix.go:221]
2024/12/25 14:30:06.393134 juicefs[25477] <DEBUG>: [META] AttrLoaded {Ino: 1} [base.go:975]
2024/12/25 14:30:14.166322 juicefs[25477] <DEBUG>: [META] AttrLoaded {Ino: 1} [base.go:975]
2024/12/25 14:30:17.434867 juicefs[25477] <DEBUG>: [META] AttrLoaded {Ino: 1} [base.go:975]
2024/12/25 14:30:19.095880 juicefs[25477] <DEBUG>: [META] AttrLoaded {Ino: 1} [base.go:975]
2024/12/25 14:30:23.643002 juicefs[25477] <DEBUG>: [META] AttrLoaded {Ino: 1} [base.go:975]
2024/12/25 14:30:24.903106 juicefs[25477] <DEBUG>: [META] AttrLoaded {Ino: 1} [base.go:975]
2024/12/25 14:30:26.446183 juicefs[25477] <DEBUG>: [META] AttrLoaded {Ino: 1} [base.go:975]
2024/12/25 14:30:26.448151 juicefs[25477] <DEBUG>: [META] AttrLoaded {Ino: 1} [base.go:975]
2024/12/25 14:30:26.450673 juicefs[25477] <DEBUG>: readdir: [1:1] 10 entries, offset=0 [vfs.go:451]
2024/12/25 14:30:26.452671 juicefs[25477] <DEBUG>: [META] AttrLoaded {Ino: 1} [base.go:975]
2024/12/25 14:30:26.452923 juicefs[25477] <DEBUG>: readdir: [1:1] 0 entries, offset=10 [vfs.go:451]
2024/12/25 14:30:26.457196 juicefs[25477] <DEBUG>: [META] AttrLoaded {Ino: 1} [base.go:975]
2024/12/25 14:30:36.342311 juicefs[25477] <DEBUG>: [META] AttrLoaded {Ino: 1} [base.go:975]
2024/12/25 14:30:36.343716 juicefs[25477] <DEBUG>: [META] AttrLoaded {Ino: 1} [base.go:975]
2024/12/25 14:30:36.344102 juicefs[25477] <DEBUG>: readdir: [1:3] 10 entries, offset=0 [vfs.go:451]
2024/12/25 14:30:36.344293 juicefs[25477] <DEBUG>: readdir: [1:3] 0 entries, offset=10 [vfs.go:451]
2024/12/25 14:30:37.278586 juicefs[25477] <DEBUG>: [META] AttrLoaded {Ino: 1} [base.go:975]
2024/12/25 14:30:37.279482 juicefs[25477] <DEBUG>: [META] AttrLoaded {Ino: 1} [base.go:975]
2024/12/25 14:30:37.279777 juicefs[25477] <DEBUG>: readdir: [1:5] 10 entries, offset=0 [vfs.go:451]
2024/12/25 14:30:37.279903 juicefs[25477] <DEBUG>: readdir: [1:5] 0 entries, offset=10 [vfs.go:451]
2024/12/25 14:30:37.374103 juicefs[25477] <DEBUG>: [META] AttrLoaded {Ino: 1} [base.go:975]
2024/12/25 14:30:37.374785 juicefs[25477] <DEBUG>: [META] AttrLoaded {Ino: 1} [base.go:975]
2024/12/25 14:30:37.375150 juicefs[25477] <DEBUG>: readdir: [1:7] 10 entries, offset=0 [vfs.go:451]
2024/12/25 14:30:37.375316 juicefs[25477] <DEBUG>: readdir: [1:7] 0 entries, offset=10 [vfs.go:451]
2024/12/25 14:30:37.597871 juicefs[25477] <DEBUG>: [META] AttrLoaded {Ino: 1} [base.go:975]
2024/12/25 14:30:37.598863 juicefs[25477] <DEBUG>: [META] AttrLoaded {Ino: 1} [base.go:975]
2024/12/25 14:30:37.599463 juicefs[25477] <DEBUG>: readdir: [1:9] 10 entries, offset=0 [vfs.go:451]
2024/12/25 14:30:37.599688 juicefs[25477] <DEBUG>: readdir: [1:9] 0 entries, offset=10 [vfs.go:451]
2024/12/25 14:30:38.654254 juicefs[25477] <DEBUG>: [META] AttrLoaded {Ino: 1} [base.go:975]
2024/12/25 14:30:38.655056 juicefs[25477] <DEBUG>: [META] Lookup {Name: ndarrays, ParentIno: 1, FoundIno: 6145} [redis.go:777]
2024/12/25 14:30:41.678976 juicefs[25477] <DEBUG>: [META] AttrLoaded {Ino: 6145} [base.go:975]
2024/12/25 14:30:41.679539 juicefs[25477] <DEBUG>: [META] AttrLoaded {Ino: 6145} [base.go:975]
2024/12/25 14:30:41.679789 juicefs[25477] <DEBUG>: readdir: [6145:11] 6 entries, offset=0 [vfs.go:451]
2024/12/25 14:30:41.680721 juicefs[25477] <DEBUG>: [META] AttrLoaded {Ino: 6145} [base.go:975]
2024/12/25 14:30:41.681282 juicefs[25477] <DEBUG>: [META] AttrLoaded {Ino: 1} [base.go:975]
2024/12/25 14:30:41.681400 juicefs[25477] <DEBUG>: readdir: [6145:11] 0 entries, offset=6 [vfs.go:451]
2024/12/25 14:30:41.684083 juicefs[25477] <DEBUG>: [META] Lookup {Name: ndarrays, ParentIno: 1, FoundIno: 6145} [redis.go:777]
2024/12/25 14:30:46.388581 juicefs[25477] <DEBUG>: [META] AttrLoaded {Ino: 6145} [base.go:975]
2024/12/25 14:30:46.391839 juicefs[25477] <DEBUG>: [META] AttrLoaded {Ino: 6145} [base.go:975]
2024/12/25 14:30:46.392368 juicefs[25477] <DEBUG>: readdir: [6145:13] 6 entries, offset=0 [vfs.go:451]
2024/12/25 14:30:46.392558 juicefs[25477] <DEBUG>: readdir: [6145:13] 0 entries, offset=6 [vfs.go:451]
2024/12/25 14:30:46.502063 juicefs[25477] <DEBUG>: [META] AttrLoaded {Ino: 6145} [base.go:975]
2024/12/25 14:30:46.504270 juicefs[25477] <DEBUG>: [META] AttrLoaded {Ino: 6145} [base.go:975]
2024/12/25 14:30:46.504878 juicefs[25477] <DEBUG>: readdir: [6145:15] 6 entries, offset=0 [vfs.go:451]
2024/12/25 14:30:46.505039 juicefs[25477] <DEBUG>: readdir: [6145:15] 0 entries, offset=6 [vfs.go:451]
2024/12/25 14:30:48.044147 juicefs[25477] <DEBUG>: [META] AttrLoaded {Ino: 6145} [base.go:975]
2024/12/25 14:30:48.045745 juicefs[25477] <DEBUG>: [META] AttrLoaded {Ino: 6145} [base.go:975]
2024/12/25 14:30:48.045981 juicefs[25477] <DEBUG>: readdir: [6145:17] 6 entries, offset=0 [vfs.go:451]
2024/12/25 14:30:48.046108 juicefs[25477] <DEBUG>: readdir: [6145:17] 0 entries, offset=6 [vfs.go:451]
2024/12/25 14:30:50.696891 juicefs[25477] <DEBUG>: [META] AttrLoaded {Ino: 6145} [base.go:975]
2024/12/25 14:30:50.697761 juicefs[25477] <DEBUG>: [META] AttrLoaded {Ino: 6145} [base.go:975]
2024/12/25 14:30:50.698063 juicefs[25477] <DEBUG>: readdir: [6145:19] 6 entries, offset=0 [vfs.go:451]
2024/12/25 14:30:50.698205 juicefs[25477] <DEBUG>: readdir: [6145:19] 0 entries, offset=6 [vfs.go:451]
2024/12/25 14:30:50.702439 juicefs[25477] <DEBUG>: [META] AttrLoaded {Ino: 6145} [base.go:975]
2024/12/25 14:30:50.703566 juicefs[25477] <DEBUG>: [META] AttrLoaded {Ino: 6145} [base.go:975]
2024/12/25 14:30:50.704770 juicefs[25477] <DEBUG>: [META] AttrLoaded {Ino: 6145} [base.go:975]
2024/12/25 14:30:50.708056 juicefs[25477] <DEBUG>: [META] AttrLoaded {Ino: 1} [base.go:975]
2024/12/25 14:30:50.708527 juicefs[25477] <DEBUG>: [META] Lookup {Name: ndarrays, ParentIno: 1, FoundIno: 6145} [redis.go:777]
2024/12/25 14:30:53.731301 juicefs[25477] <DEBUG>: [META] AttrLoaded {Ino: 6145} [base.go:975]
2024/12/25 14:30:53.732105 juicefs[25477] <DEBUG>: [META] AttrLoaded {Ino: 6145} [base.go:975]
2024/12/25 14:30:53.732389 juicefs[25477] <DEBUG>: readdir: [6145:21] 2 entries, offset=0 [vfs.go:451]
2024/12/25 14:30:53.732762 juicefs[25477] <DEBUG>: [META] AttrLoaded {Ino: 6145} [base.go:975]
2024/12/25 14:30:53.733277 juicefs[25477] <DEBUG>: [META] AttrLoaded {Ino: 1} [base.go:975]
2024/12/25 14:30:53.733479 juicefs[25477] <DEBUG>: readdir: [6145:21] 0 entries, offset=2 [vfs.go:451]
2024/12/25 14:30:53.736029 juicefs[25477] <DEBUG>: [META] Lookup {Name: ndarrays, ParentIno: 1, FoundIno: 6145} [redis.go:777]
2024/12/25 14:30:58.320427 juicefs[25477] <DEBUG>: [META] AttrLoaded {Ino: 6145} [base.go:975]
2024/12/25 14:30:58.323972 juicefs[25477] <DEBUG>: [META] AttrLoaded {Ino: 6145} [base.go:975]
2024/12/25 14:30:58.324136 juicefs[25477] <DEBUG>: readdir: [6145:23] 2 entries, offset=0 [vfs.go:451]
2024/12/25 14:30:58.324488 juicefs[25477] <DEBUG>: readdir: [6145:23] 0 entries, offset=2 [vfs.go:451]
2024/12/25 14:30:58.506151 juicefs[25477] <DEBUG>: [META] AttrLoaded {Ino: 6145} [base.go:975]
2024/12/25 14:30:58.506723 juicefs[25477] <DEBUG>: [META] AttrLoaded {Ino: 6145} [base.go:975]
2024/12/25 14:30:58.506881 juicefs[25477] <DEBUG>: readdir: [6145:25] 2 entries, offset=0 [vfs.go:451]
2024/12/25 14:30:58.507029 juicefs[25477] <DEBUG>: readdir: [6145:25] 0 entries, offset=2 [vfs.go:451]
2024/12/25 14:30:58.548506 juicefs[25477] <DEBUG>: [META] AttrLoaded {Ino: 6145} [base.go:975]
2024/12/25 14:30:58.548962 juicefs[25477] <DEBUG>: [META] AttrLoaded {Ino: 6145} [base.go:975]
2024/12/25 14:30:58.549114 juicefs[25477] <DEBUG>: readdir: [6145:27] 2 entries, offset=0 [vfs.go:451]
2024/12/25 14:30:58.549287 juicefs[25477] <DEBUG>: readdir: [6145:27] 0 entries, offset=2 [vfs.go:451]
2024/12/25 14:30:58.676615 juicefs[25477] <DEBUG>: [META] AttrLoaded {Ino: 1} [base.go:975]
2024/12/25 14:30:58.676911 juicefs[25477] <DEBUG>: [META] Lookup {Name: ndarrays, ParentIno: 1, FoundIno: 6145} [redis.go:777]
2024/12/25 14:30:59.713907 juicefs[25477] <DEBUG>: [META] AttrLoaded {Ino: 6145} [base.go:975]
2024/12/25 14:30:59.740122 juicefs[25477] <DEBUG>: [META] AttrLoaded {Ino: 1} [base.go:975]
2024/12/25 14:30:59.740629 juicefs[25477] <DEBUG>: [META] Lookup {Name: ndarrays, ParentIno: 1, FoundIno: 6145} [redis.go:777]
2024/12/25 14:31:00.947403 juicefs[25477] <DEBUG>: [META] AttrLoaded {Ino: 1} [base.go:975]
