[META] AttrLoaded {Ino: 1} [base.go:975]
[META] AttrLoaded {Ino: 1} [base.go:975]
[META] AttrLoaded {Ino: 1} [base.go:975]
[META] Lookup {Name: ndarrays, ParentIno: 1, FoundIno: 6145} [redis.go:777]
[META] AttrLoaded {Ino: 14337} [base.go:975]
[OBJECT] LoadToCache {Key: chunks/0/61/61441_0_128} [disk_cache.go:412]
PUT chunks/0/61/61441_0_128 (req_id: "", err: <nil>, cost: 1.906394ms) [cached_store.go:696]
PUT chunks/0/61/61442_0_4194304 (req_id: "", err: <nil>, cost: 9.519014ms) [cached_store.go:696]
PUT chunks/0/61/61442_1_4194304 (req_id: "", err: <nil>, cost: 3.286337ms) [cached_store.go:696]
PUT chunks/0/61/61442_2_4194304 (req_id: "", err: <nil>, cost: 3.856835ms) [cached_store.go:696]
PUT chunks/0/61/61442_3_4194304 (req_id: "", err: <nil>, cost: 5.671324ms) [cached_store.go:696]
PUT chunks/0/61/61442_4_4194304 (req_id: "", err: <nil>, cost: 3.696819ms) [cached_store.go:696]
PUT chunks/0/61/61442_5_4194304 (req_id: "", err: <nil>, cost: 4.675722ms) [cached_store.go:696]
PUT chunks/0/61/61442_6_4194304 (req_id: "", err: <nil>, cost: 4.451652ms) [cached_store.go:696]
[OBJECT] LoadToCache {Key: chunks/0/61/61442_7_2639872} [disk_cache.go:412]
PUT chunks/0/61/61442_7_2639872 (req_id: "", err: <nil>, cost: 5.071443ms) [cached_store.go:696]
[META] AttrLoaded {Ino: 1} [base.go:975]
[META] Lookup {Name: ndarrays, ParentIno: 1, FoundIno: 6145} [redis.go:777]
[META] Lookup {Name: debug.npy, ParentIno: 6145, FoundIno: 14337} [redis.go:777]
[META] AttrLoaded {Ino: 14337} [base.go:975]
[READAHEAD] Readahead {off: 4194304, len: 131072} [reader.go:552]
[READAHEAD] Readahead {off: 8388608, len: 0} [reader.go:552]
[META] LoadSlices {Ino: 14337, Chunk_id: 0} [base.go:1500]
[META] CacheLoadedSlices {Ino: 14337, Chunk_id: 0} [base.go:1520]
[META] LoadSlices {Ino: 14337, Chunk_id: 0} [base.go:1500]
[META] CacheLoadedSlices {Ino: 14337, Chunk_id: 0} [base.go:1520]
[OBJECT] GetFromObjectStorage {Key: chunks/0/61/61442_0_4194304, Ino: %!d(<nil>)} [cached_store.go:212]
[META] LoadSlices {Ino: 14337, Chunk_id: 0} [base.go:1500]
[META] CacheLoadedSlices {Ino: 14337, Chunk_id: 0} [base.go:1520]
[OBJECT] GetFromDiskCache {Key: chunks/0/61/61441_0_128, Location: 61441_0_128, Ino: } [disk_cache.go:615]
[OBJECT] LoadToCache {Key: chunks/0/61/61442_0_4194304} [disk_cache.go:412]
[OBJECT] GetFromObjectStorage {Key: chunks/0/61/61442_1_4194304, Ino: %!d(<nil>)} [cached_store.go:212]
[OBJECT] LoadToCache {Key: chunks/0/61/61442_1_4194304} [disk_cache.go:412]
[META] AttrLoaded {Ino: 14337} [base.go:975]
[READAHEAD] Readahead {off: 12582912, len: 0} [reader.go:552]
[READAHEAD] Readahead {off: 16777216, len: 0} [reader.go:552]
[META] CachedSlicesHit {Ino: 14337, Chunk_id: 0} [base.go:1493]
[META] CachedSlicesHit {Ino: 14337, Chunk_id: 0} [base.go:1493]
[OBJECT] GetFromDiskCache {Key: chunks/0/61/61442_1_4194304, Location: 61442_1_4194304, Ino: } [disk_cache.go:615]
[OBJECT] GetFromObjectStorage {Key: chunks/0/61/61442_2_4194304, Ino: %!d(<nil>)} [cached_store.go:212]
[OBJECT] Prefetch {Key: chunks/0/61/61442_2_4194304, Ino: %!d(<nil>)} [cached_store.go:197]
[OBJECT] LoadToCache {Key: chunks/0/61/61442_2_4194304} [disk_cache.go:412]
[OBJECT] GetFromObjectStorage {Key: chunks/0/61/61442_3_4194304, Ino: %!d(<nil>)} [cached_store.go:212]
[OBJECT] LoadToCache {Key: chunks/0/61/61442_3_4194304} [disk_cache.go:412]
[READAHEAD] Readahead {off: 20971520, len: 0} [reader.go:552]
[META] CachedSlicesHit {Ino: 14337, Chunk_id: 0} [base.go:1493]
[READAHEAD] Readahead {off: 25165824, len: 0} [reader.go:552]
[META] CachedSlicesHit {Ino: 14337, Chunk_id: 0} [base.go:1493]
[OBJECT] GetFromMemoryCache {Key: chunks/0/61/61442_3_4194304, Ino: } [disk_cache.go:595]
[OBJECT] GetFromObjectStorage {Key: chunks/0/61/61442_4_4194304, Ino: %!d(<nil>)} [cached_store.go:212]
[OBJECT] LoadToCache {Key: chunks/0/61/61442_4_4194304} [disk_cache.go:412]
[OBJECT] GetFromObjectStorage {Key: chunks/0/61/61442_5_4194304, Ino: %!d(<nil>)} [cached_store.go:212]
[READAHEAD] Readahead {off: 29360128, len: 0} [reader.go:552]
[OBJECT] LoadToCache {Key: chunks/0/61/61442_5_4194304} [disk_cache.go:412]
[META] CachedSlicesHit {Ino: 14337, Chunk_id: 0} [base.go:1493]
[OBJECT] GetFromMemoryCache {Key: chunks/0/61/61442_5_4194304, Ino: } [disk_cache.go:595]
[OBJECT] GetFromObjectStorage {Key: chunks/0/61/61442_6_4194304, Ino: %!d(<nil>)} [cached_store.go:212]
[OBJECT] LoadToCache {Key: chunks/0/61/61442_6_4194304} [disk_cache.go:412]
[READAHEAD] Readahead {off: 32000128, len: 12040064} [reader.go:552]
[META] CachedSlicesHit {Ino: 14337, Chunk_id: 0} [base.go:1493]
[OBJECT] GetFromMemoryCache {Key: chunks/0/61/61442_6_4194304, Ino: } [disk_cache.go:595]
[OBJECT] GetFromDiskCache {Key: chunks/0/61/61442_7_2639872, Location: 61442_7_2639872, Ino: } [disk_cache.go:615]
[META] AttrLoaded {Ino: 1} [base.go:975]
[META] Lookup {Name: ndarrays, ParentIno: 1, FoundIno: 6145} [redis.go:777]
[META] Lookup {Name: debug.npy, ParentIno: 6145, FoundIno: 14337} [redis.go:777]
[META] AttrLoaded {Ino: 14337} [base.go:975]
