---------------------------------------------First Write------------------------------------------------------------------------------------
2024/12/23 15:31:33.112978  [META] AttrLoaded {Ino: 1} [base.go:975]
2024/12/23 15:31:33.113559  [META] Lookup {Name: ndarrays, ParentIno: 1, FoundIno: 6145} [redis.go:777]
2024/12/23 15:31:33.117746  [META] AttrLoaded {Ino: 10241} [base.go:975]
2024/12/23 15:31:33.118232  [OBJECT] LoadToCache {Key: chunks/0/45/45057_0_128} [disk_cache.go:412]
2024/12/23 15:31:33.119674  PUT chunks/0/45/45057_0_128 (req_id: "", err: <nil>, cost: 1.373136ms) [cached_store.go:696]
2024/12/23 15:31:33.136806  PUT chunks/0/45/45058_0_4194304 (req_id: "", err: <nil>, cost: 4.095487ms) [cached_store.go:696]
2024/12/23 15:31:33.142259  PUT chunks/0/45/45058_1_4194304 (req_id: "", err: <nil>, cost: 3.069104ms) [cached_store.go:696]
2024/12/23 15:31:33.154455  PUT chunks/0/45/45058_2_4194304 (req_id: "", err: <nil>, cost: 5.714312ms) [cached_store.go:696]
2024/12/23 15:31:33.166725  PUT chunks/0/45/45058_3_4194304 (req_id: "", err: <nil>, cost: 3.204242ms) [cached_store.go:696]
2024/12/23 15:31:33.174983  PUT chunks/0/45/45058_4_4194304 (req_id: "", err: <nil>, cost: 3.777123ms) [cached_store.go:696]
2024/12/23 15:31:33.181622  PUT chunks/0/45/45058_5_4194304 (req_id: "", err: <nil>, cost: 2.862395ms) [cached_store.go:696]
2024/12/23 15:31:33.190129  PUT chunks/0/45/45058_6_4194304 (req_id: "", err: <nil>, cost: 3.31615ms) [cached_store.go:696]
2024/12/23 15:31:33.192917  [OBJECT] LoadToCache {Key: chunks/0/45/45058_7_2639872} [disk_cache.go:412]
2024/12/23 15:31:33.195370  PUT chunks/0/45/45058_7_2639872 (req_id: "", err: <nil>, cost: 2.383503ms) [cached_store.go:696]
---------------------------------------------First Read------------------------------------------------------------------------------------
2024/12/23 15:31:50.269646  [META] AttrLoaded {Ino: 1} [base.go:975]
2024/12/23 15:31:50.270097  [META] Lookup {Name: ndarrays, ParentIno: 1, FoundIno: 6145} [redis.go:777]
2024/12/23 15:31:50.270504  [META] Lookup {Name: np0.npy, ParentIno: 6145, FoundIno: 10241} [redis.go:777]
2024/12/23 15:31:50.273725  [META] AttrLoaded {Ino: 10241} [base.go:975]
2024/12/23 15:31:50.274606  [META] LoadSlices {Ino: 10241, Chunk_id: 0} [base.go:1500]
2024/12/23 15:31:50.274713  [META] CacheLoadedSlices {Ino: 10241, Chunk_id: 0} [base.go:1520]
2024/12/23 15:31:50.274627  [META] LoadSlices {Ino: 10241, Chunk_id: 0} [base.go:1500]
2024/12/23 15:31:50.274803  [META] CacheLoadedSlices {Ino: 10241, Chunk_id: 0} [base.go:1520]
2024/12/23 15:31:50.274968  [OBJECT] GetFromDiskCache {Key: chunks/0/45/45057_0_128, Location: 45057_0_128, Ino: } [disk_cache.go:615]
2024/12/23 15:31:50.274996  GET chunks/0/45/45058_0_4194304 RANGE(4194176,128) (req_id: "", err: <nil>, cost: 161.229µs) [cached_store.go:696]
2024/12/23 15:31:50.275196  [OBJECT] PartialGET {Key: chunks/0/45/45058_0_4194304, Range: [4194176, 128], Ino: %!d(<nil>)} [cached_store.go:191]
2024/12/23 15:31:50.275239  [OBJECT] Prefetch {Key: chunks/0/45/45058_0_4194304, Ino: %!d(<nil>)} [cached_store.go:197]
2024/12/23 15:31:50.275683  [META] LoadSlices {Ino: 10241, Chunk_id: 0} [base.go:1500]
2024/12/23 15:31:50.275752  [META] CacheLoadedSlices {Ino: 10241, Chunk_id: 0} [base.go:1520]
2024/12/23 15:31:50.277243  GET chunks/0/45/45058_0_4194304 (req_id: "", err: <nil>, cost: 2.263478ms) [cached_store.go:696]
2024/12/23 15:31:50.277358  [OBJECT] LoadToCache {Key: chunks/0/45/45058_0_4194304} [disk_cache.go:412]
2024/12/23 15:31:50.277384  [OBJECT]: GetFromObjectStorage {Key: chunks/0/45/45058_0_4194304, Ino: %!d(<nil>)} [cached_store.go:213]
2024/12/23 15:31:50.278590  GET chunks/0/45/45058_1_4194304 (req_id: "", err: <nil>, cost: 2.323866ms) [cached_store.go:696]
2024/12/23 15:31:50.278683  [OBJECT] LoadToCache {Key: chunks/0/45/45058_1_4194304} [disk_cache.go:412]
2024/12/23 15:31:50.278727  [OBJECT]: GetFromObjectStorage {Key: chunks/0/45/45058_1_4194304, Ino: %!d(<nil>)} [cached_store.go:213]
2024/12/23 15:31:50.279063  [META] AttrLoaded {Ino: 10241} [base.go:975]
2024/12/23 15:31:50.286911  [META] CachedSlicesHit {Ino: 10241, Chunk_id: 0} [base.go:1493]
2024/12/23 15:31:50.287087  [OBJECT] GetFromDiskCache {Key: chunks/0/45/45058_1_4194304, Location: 45058_1_4194304, Ino: } [disk_cache.go:615]
2024/12/23 15:31:50.287109  [META] CachedSlicesHit {Ino: 10241, Chunk_id: 0} [base.go:1493]
2024/12/23 15:31:50.287924  GET chunks/0/45/45058_2_4194304 (req_id: "", err: <nil>, cost: 682.185µs) [cached_store.go:696]
2024/12/23 15:31:50.287989  [OBJECT] LoadToCache {Key: chunks/0/45/45058_2_4194304} [disk_cache.go:412]
2024/12/23 15:31:50.288008  [OBJECT]: GetFromObjectStorage {Key: chunks/0/45/45058_2_4194304, Ino: %!d(<nil>)} [cached_store.go:213]
2024/12/23 15:31:50.290762  GET chunks/0/45/45058_3_4194304 (req_id: "", err: <nil>, cost: 2.386296ms) [cached_store.go:696]
2024/12/23 15:31:50.290863  [OBJECT] LoadToCache {Key: chunks/0/45/45058_3_4194304} [disk_cache.go:412]
2024/12/23 15:31:50.290892  [OBJECT]: GetFromObjectStorage {Key: chunks/0/45/45058_3_4194304, Ino: %!d(<nil>)} [cached_store.go:213]
2024/12/23 15:31:50.292538  [META] CachedSlicesHit {Ino: 10241, Chunk_id: 0} [base.go:1493]
2024/12/23 15:31:50.292662  [OBJECT] GetFromMemoryCache {Key: chunks/0/45/45058_3_4194304, Ino: } [disk_cache.go:595]
2024/12/23 15:31:50.292770  [META] CachedSlicesHit {Ino: 10241, Chunk_id: 0} [base.go:1493]
2024/12/23 15:31:50.295643  GET chunks/0/45/45058_4_4194304 (req_id: "", err: <nil>, cost: 2.82175ms) [cached_store.go:696]
2024/12/23 15:31:50.295737  [OBJECT] LoadToCache {Key: chunks/0/45/45058_4_4194304} [disk_cache.go:412]
2024/12/23 15:31:50.295764  [OBJECT]: GetFromObjectStorage {Key: chunks/0/45/45058_4_4194304, Ino: %!d(<nil>)} [cached_store.go:213]
2024/12/23 15:31:50.298646  GET chunks/0/45/45058_5_4194304 (req_id: "", err: <nil>, cost: 2.483222ms) [cached_store.go:696]
2024/12/23 15:31:50.299023  [META] CachedSlicesHit {Ino: 10241, Chunk_id: 0} [base.go:1493]
2024/12/23 15:31:50.299043  [OBJECT] LoadToCache {Key: chunks/0/45/45058_5_4194304} [disk_cache.go:412]
2024/12/23 15:31:50.299343  [OBJECT]: GetFromObjectStorage {Key: chunks/0/45/45058_5_4194304, Ino: %!d(<nil>)} [cached_store.go:213]
2024/12/23 15:31:50.299674  [OBJECT] GetFromMemoryCache {Key: chunks/0/45/45058_5_4194304, Ino: } [disk_cache.go:595]
2024/12/23 15:31:50.307904  GET chunks/0/45/45058_6_4194304 (req_id: "", err: <nil>, cost: 918.257µs) [cached_store.go:696]
2024/12/23 15:31:50.308006  [OBJECT] LoadToCache {Key: chunks/0/45/45058_6_4194304} [disk_cache.go:412]
2024/12/23 15:31:50.308040  [OBJECT]: GetFromObjectStorage {Key: chunks/0/45/45058_6_4194304, Ino: %!d(<nil>)} [cached_store.go:213]
2024/12/23 15:31:50.317545  [META] CachedSlicesHit {Ino: 10241, Chunk_id: 0} [base.go:1493]
2024/12/23 15:31:50.317662  [OBJECT] GetFromMemoryCache {Key: chunks/0/45/45058_6_4194304, Ino: } [disk_cache.go:595]
2024/12/23 15:31:50.317766  [OBJECT] GetFromDiskCache {Key: chunks/0/45/45058_7_2639872, Location: 45058_7_2639872, Ino: } [disk_cache.go:615]
---------------------------------------------Second Read------------------------------------------------------------------------------------
2024/12/23 15:32:41.347657  [META] AttrLoaded {Ino: 1} [base.go:975]
2024/12/23 15:32:41.348122  [META] Lookup {Name: ndarrays, ParentIno: 1, FoundIno: 6145} [redis.go:777]
2024/12/23 15:32:41.348561  [META] Lookup {Name: np0.npy, ParentIno: 6145, FoundIno: 10241} [redis.go:777]
2024/12/23 15:32:41.349531  [META] AttrLoaded {Ino: 10241} [base.go:975]
2024/12/23 15:34:58.732645  [META] AttrLoaded {Ino: 1} [base.go:975]
2024/12/23 15:34:58.733282  [META] Lookup {Name: ndarrays, ParentIno: 1, FoundIno: 6145} [redis.go:777]
2024/12/23 15:34:58.733798  [META] Lookup {Name: np0.npy, ParentIno: 6145, FoundIno: 10241} [redis.go:777]
2024/12/23 15:34:58.734775  [META] AttrLoaded {Ino: 10241} [base.go:975]
