2024.12.23 15:30:57.892458 open (9223372032559808513,0x8000) [fh:15]
2024.12.23 15:31:33.113081 getattr (1): (1,[drwxrwxrwx:0040777,3,0,0,1731231220,1734340320,1734340320,4096])
2024.12.23 15:31:33.113625 lookup (1,ndarrays): (6145,[drwxr-xr-x:0040755,2,1000,1000,1733900271,1734938865,1734938865,4096])
2024.12.23 15:31:33.113940 lookup (6145,np0.npy):no such file or directory <0.000170>
2024.12.23 15:31:33.115686 create (6145,np0.npy,-rw-r--r--:0100644): (10241,[-rw-r--r--:0100644,1,1000,1000,1734939093,1734939093,1734939093,0]) [fh:16]
2024.12.23 15:31:33.116953 write (10241,128,0,16)
2024.12.23 15:31:33.117844 getattr (10241): (10241,[-rw-r--r--:0100644,1,1000,1000,1734939093,1734939093,1734939093,0])
2024.12.23 15:31:33.121869 fallocate (10241,1,128,32000000)
2024.12.23 15:31:33.122168 write (10241,3968,128,16)
2024.12.23 15:31:33.122464 write (10241,131072,4096,16)
2024.12.23 15:31:33.122751 write (10241,131072,135168,16)
2024.12.23 15:31:33.123076 write (10241,131072,266240,16)
2024.12.23 15:31:33.123436 write (10241,131072,397312,16)
2024.12.23 15:31:33.123926 write (10241,131072,528384,16)
2024.12.23 15:31:33.124237 write (10241,131072,659456,16)
2024.12.23 15:31:33.124527 write (10241,131072,790528,16)
2024.12.23 15:31:33.124799 write (10241,131072,921600,16)
2024.12.23 15:31:33.125068 write (10241,131072,1052672,16)
2024.12.23 15:31:33.125367 write (10241,131072,1183744,16)
2024.12.23 15:31:33.125608 write (10241,131072,1314816,16)
2024.12.23 15:31:33.125861 write (10241,131072,1445888,16)
2024.12.23 15:31:33.126090 write (10241,131072,1576960,16)
2024.12.23 15:31:33.126347 write (10241,131072,1708032,16)
2024.12.23 15:31:33.126570 write (10241,131072,1839104,16)
2024.12.23 15:31:33.126779 write (10241,131072,1970176,16)
2024.12.23 15:31:33.126974 write (10241,131072,2101248,16)
2024.12.23 15:31:33.127248 write (10241,131072,2232320,16)
2024.12.23 15:31:33.127473 write (10241,131072,2363392,16)
2024.12.23 15:31:33.127707 write (10241,131072,2494464,16)
2024.12.23 15:31:33.127925 write (10241,131072,2625536,16)
2024.12.23 15:31:33.128155 write (10241,131072,2756608,16)
2024.12.23 15:31:33.128345 write (10241,131072,2887680,16)
2024.12.23 15:31:33.128561 write (10241,131072,3018752,16)
2024.12.23 15:31:33.128768 write (10241,131072,3149824,16)
2024.12.23 15:31:33.128964 write (10241,131072,3280896,16)
2024.12.23 15:31:33.129153 write (10241,131072,3411968,16)
2024.12.23 15:31:33.129852 write (10241,131072,3543040,16)
2024.12.23 15:31:33.130077 write (10241,131072,3674112,16)
2024.12.23 15:31:33.130273 write (10241,131072,3805184,16)
2024.12.23 15:31:33.130455 write (10241,131072,3936256,16)
2024.12.23 15:31:33.130728 write (10241,131072,4067328,16)
2024.12.23 15:31:33.130882 write (10241,131072,4198400,16)
2024.12.23 15:31:33.131554 write (10241,131072,4329472,16)
2024.12.23 15:31:33.131756 write (10241,131072,4460544,16)
2024.12.23 15:31:33.131957 write (10241,131072,4591616,16)
2024.12.23 15:31:33.132162 write (10241,131072,4722688,16)
2024.12.23 15:31:33.132349 write (10241,131072,4853760,16)
2024.12.23 15:31:33.132514 write (10241,131072,4984832,16)
2024.12.23 15:31:33.132708 write (10241,131072,5115904,16)
2024.12.23 15:31:33.132900 write (10241,131072,5246976,16)
2024.12.23 15:31:33.133570 write (10241,131072,5378048,16)
2024.12.23 15:31:33.133833 write (10241,131072,5509120,16)
2024.12.23 15:31:33.134062 write (10241,131072,5640192,16)
2024.12.23 15:31:33.134279 write (10241,131072,5771264,16)
2024.12.23 15:31:33.134481 write (10241,131072,5902336,16)
2024.12.23 15:31:33.134699 write (10241,131072,6033408,16)
2024.12.23 15:31:33.134943 write (10241,131072,6164480,16)
2024.12.23 15:31:33.135181 write (10241,131072,6295552,16)
2024.12.23 15:31:33.135425 write (10241,131072,6426624,16)
2024.12.23 15:31:33.135710 write (10241,131072,6557696,16)
2024.12.23 15:31:33.135984 write (10241,131072,6688768,16)
2024.12.23 15:31:33.136237 write (10241,131072,6819840,16)
2024.12.23 15:31:33.136493 write (10241,131072,6950912,16)
2024.12.23 15:31:33.136778 write (10241,131072,7081984,16)
2024.12.23 15:31:33.137057 write (10241,131072,7213056,16)
2024.12.23 15:31:33.137309 write (10241,131072,7344128,16)
2024.12.23 15:31:33.137581 write (10241,131072,7475200,16)
2024.12.23 15:31:33.137856 write (10241,131072,7606272,16)
2024.12.23 15:31:33.138126 write (10241,131072,7737344,16)
2024.12.23 15:31:33.138368 write (10241,131072,7868416,16)
2024.12.23 15:31:33.138609 write (10241,131072,7999488,16)
2024.12.23 15:31:33.138822 write (10241,131072,8130560,16)
2024.12.23 15:31:33.139098 write (10241,131072,8261632,16)
2024.12.23 15:31:33.139674 write (10241,131072,8392704,16)
2024.12.23 15:31:33.140396 write (10241,131072,8523776,16)
2024.12.23 15:31:33.140622 write (10241,131072,8654848,16)
2024.12.23 15:31:33.141112 write (10241,131072,8785920,16)
2024.12.23 15:31:33.141394 write (10241,131072,8916992,16)
2024.12.23 15:31:33.141608 write (10241,131072,9048064,16)
2024.12.23 15:31:33.141829 write (10241,131072,9179136,16)
2024.12.23 15:31:33.142323 write (10241,131072,9310208,16)
2024.12.23 15:31:33.142534 write (10241,131072,9441280,16)
2024.12.23 15:31:33.142845 write (10241,131072,9572352,16)
2024.12.23 15:31:33.143118 write (10241,131072,9703424,16)
2024.12.23 15:31:33.143387 write (10241,131072,9834496,16)
2024.12.23 15:31:33.143681 write (10241,131072,9965568,16)
2024.12.23 15:31:33.143915 write (10241,131072,10096640,16)
2024.12.23 15:31:33.144141 write (10241,131072,10227712,16)
2024.12.23 15:31:33.144335 write (10241,131072,10358784,16)
2024.12.23 15:31:33.144552 write (10241,131072,10489856,16)
2024.12.23 15:31:33.145214 write (10241,131072,10620928,16)
2024.12.23 15:31:33.145424 write (10241,131072,10752000,16)
2024.12.23 15:31:33.145603 write (10241,131072,10883072,16)
2024.12.23 15:31:33.145799 write (10241,131072,11014144,16)
2024.12.23 15:31:33.146048 write (10241,131072,11145216,16)
2024.12.23 15:31:33.146367 write (10241,131072,11276288,16)
2024.12.23 15:31:33.146665 write (10241,131072,11407360,16)
2024.12.23 15:31:33.146870 write (10241,131072,11538432,16)
2024.12.23 15:31:33.147086 write (10241,131072,11669504,16)
2024.12.23 15:31:33.147310 write (10241,131072,11800576,16)
2024.12.23 15:31:33.147501 write (10241,131072,11931648,16)
2024.12.23 15:31:33.147824 write (10241,131072,12062720,16)
2024.12.23 15:31:33.148110 write (10241,131072,12193792,16)
2024.12.23 15:31:33.148351 write (10241,131072,12324864,16)
2024.12.23 15:31:33.148591 write (10241,131072,12455936,16)
2024.12.23 15:31:33.148769 write (10241,131072,12587008,16)
2024.12.23 15:31:33.149253 write (10241,131072,12718080,16)
2024.12.23 15:31:33.149564 write (10241,131072,12849152,16)
2024.12.23 15:31:33.149819 write (10241,131072,12980224,16)
2024.12.23 15:31:33.153118 write (10241,131072,13111296,16)
2024.12.23 15:31:33.153611 write (10241,131072,13242368,16)
2024.12.23 15:31:33.153981 write (10241,131072,13373440,16)
2024.12.23 15:31:33.154557 write (10241,131072,13504512,16)
2024.12.23 15:31:33.154948 write (10241,131072,13635584,16)
2024.12.23 15:31:33.155547 write (10241,131072,13766656,16)
2024.12.23 15:31:33.156345 write (10241,131072,13897728,16)
2024.12.23 15:31:33.156979 write (10241,131072,14028800,16)
2024.12.23 15:31:33.157712 write (10241,131072,14159872,16)
2024.12.23 15:31:33.158310 write (10241,131072,14290944,16)
2024.12.23 15:31:33.158957 write (10241,131072,14422016,16)
2024.12.23 15:31:33.159242 write (10241,131072,14553088,16)
2024.12.23 15:31:33.159540 write (10241,131072,14684160,16)
2024.12.23 15:31:33.159852 write (10241,131072,14815232,16)
2024.12.23 15:31:33.160078 write (10241,131072,14946304,16)
2024.12.23 15:31:33.160327 write (10241,131072,15077376,16)
2024.12.23 15:31:33.160637 write (10241,131072,15208448,16)
2024.12.23 15:31:33.160907 write (10241,131072,15339520,16)
2024.12.23 15:31:33.161146 write (10241,131072,15470592,16)
2024.12.23 15:31:33.161389 write (10241,131072,15601664,16)
2024.12.23 15:31:33.161617 write (10241,131072,15732736,16)
2024.12.23 15:31:33.161853 write (10241,131072,15863808,16)
2024.12.23 15:31:33.162086 write (10241,131072,15994880,16)
2024.12.23 15:31:33.162336 write (10241,131072,16125952,16)
2024.12.23 15:31:33.162563 write (10241,131072,16257024,16)
2024.12.23 15:31:33.162801 write (10241,131072,16388096,16)
2024.12.23 15:31:33.163020 write (10241,131072,16519168,16)
2024.12.23 15:31:33.163358 write (10241,131072,16650240,16)
2024.12.23 15:31:33.163577 write (10241,131072,16781312,16)
2024.12.23 15:31:33.163771 write (10241,131072,16912384,16)
2024.12.23 15:31:33.163964 write (10241,131072,17043456,16)
2024.12.23 15:31:33.164162 write (10241,131072,17174528,16)
2024.12.23 15:31:33.164374 write (10241,131072,17305600,16)
2024.12.23 15:31:33.164558 write (10241,131072,17436672,16)
2024.12.23 15:31:33.164742 write (10241,131072,17567744,16)
2024.12.23 15:31:33.164958 write (10241,131072,17698816,16)
2024.12.23 15:31:33.165184 write (10241,131072,17829888,16)
2024.12.23 15:31:33.165921 write (10241,131072,17960960,16)
2024.12.23 15:31:33.166147 write (10241,131072,18092032,16)
2024.12.23 15:31:33.166369 write (10241,131072,18223104,16)
2024.12.23 15:31:33.166687 write (10241,131072,18354176,16)
2024.12.23 15:31:33.166967 write (10241,131072,18485248,16)
2024.12.23 15:31:33.167191 write (10241,131072,18616320,16)
2024.12.23 15:31:33.167412 write (10241,131072,18747392,16)
2024.12.23 15:31:33.167618 write (10241,131072,18878464,16)
2024.12.23 15:31:33.167808 write (10241,131072,19009536,16)
2024.12.23 15:31:33.168012 write (10241,131072,19140608,16)
2024.12.23 15:31:33.168208 write (10241,131072,19271680,16)
2024.12.23 15:31:33.168400 write (10241,131072,19402752,16)
2024.12.23 15:31:33.168582 write (10241,131072,19533824,16)
2024.12.23 15:31:33.168757 write (10241,131072,19664896,16)
2024.12.23 15:31:33.168926 write (10241,131072,19795968,16)
2024.12.23 15:31:33.169094 write (10241,131072,19927040,16)
2024.12.23 15:31:33.169706 write (10241,131072,20058112,16)
2024.12.23 15:31:33.169919 write (10241,131072,20189184,16)
2024.12.23 15:31:33.170085 write (10241,131072,20320256,16)
2024.12.23 15:31:33.170253 write (10241,131072,20451328,16)
2024.12.23 15:31:33.170687 write (10241,131072,20582400,16)
2024.12.23 15:31:33.170855 write (10241,131072,20713472,16)
2024.12.23 15:31:33.171048 write (10241,131072,20844544,16)
2024.12.23 15:31:33.171220 write (10241,131072,20975616,16)
2024.12.23 15:31:33.171405 write (10241,131072,21106688,16)
2024.12.23 15:31:33.171581 write (10241,131072,21237760,16)
2024.12.23 15:31:33.171764 write (10241,131072,21368832,16)
2024.12.23 15:31:33.171947 write (10241,131072,21499904,16)
2024.12.23 15:31:33.172136 write (10241,131072,21630976,16)
2024.12.23 15:31:33.172326 write (10241,131072,21762048,16)
2024.12.23 15:31:33.172772 write (10241,131072,21893120,16)
2024.12.23 15:31:33.172971 write (10241,131072,22024192,16)
2024.12.23 15:31:33.173178 write (10241,131072,22155264,16)
2024.12.23 15:31:33.173401 write (10241,131072,22286336,16)
2024.12.23 15:31:33.173672 write (10241,131072,22417408,16)
2024.12.23 15:31:33.174223 write (10241,131072,22548480,16)
2024.12.23 15:31:33.174452 write (10241,131072,22679552,16)
2024.12.23 15:31:33.174750 write (10241,131072,22810624,16)
2024.12.23 15:31:33.175054 write (10241,131072,22941696,16)
2024.12.23 15:31:33.175346 write (10241,131072,23072768,16)
2024.12.23 15:31:33.175897 write (10241,131072,23203840,16)
2024.12.23 15:31:33.176088 write (10241,131072,23334912,16)
2024.12.23 15:31:33.176255 write (10241,131072,23465984,16)
2024.12.23 15:31:33.176422 write (10241,131072,23597056,16)
2024.12.23 15:31:33.176594 write (10241,131072,23728128,16)
2024.12.23 15:31:33.176876 write (10241,131072,23859200,16)
2024.12.23 15:31:33.177106 write (10241,131072,23990272,16)
2024.12.23 15:31:33.177338 write (10241,131072,24121344,16)
2024.12.23 15:31:33.177563 write (10241,131072,24252416,16)
2024.12.23 15:31:33.177788 write (10241,131072,24383488,16)
2024.12.23 15:31:33.177964 write (10241,131072,24514560,16)
2024.12.23 15:31:33.178126 write (10241,131072,24645632,16)
2024.12.23 15:31:33.178270 write (10241,131072,24776704,16)
2024.12.23 15:31:33.178416 write (10241,131072,24907776,16)
2024.12.23 15:31:33.178638 write (10241,131072,25038848,16)
2024.12.23 15:31:33.178765 write (10241,131072,25169920,16)
2024.12.23 15:31:33.179493 write (10241,131072,25300992,16)
2024.12.23 15:31:33.179673 write (10241,131072,25432064,16)
2024.12.23 15:31:33.179822 write (10241,131072,25563136,16)
2024.12.23 15:31:33.180386 write (10241,131072,25694208,16)
2024.12.23 15:31:33.180559 write (10241,131072,25825280,16)
2024.12.23 15:31:33.180737 write (10241,131072,25956352,16)
2024.12.23 15:31:33.180910 write (10241,131072,26087424,16)
2024.12.23 15:31:33.181542 write (10241,131072,26218496,16)
2024.12.23 15:31:33.181750 write (10241,131072,26349568,16)
2024.12.23 15:31:33.181991 write (10241,131072,26480640,16)
2024.12.23 15:31:33.182199 write (10241,131072,26611712,16)
2024.12.23 15:31:33.182422 write (10241,131072,26742784,16)
2024.12.23 15:31:33.182625 write (10241,131072,26873856,16)
2024.12.23 15:31:33.182827 write (10241,131072,27004928,16)
2024.12.23 15:31:33.183024 write (10241,131072,27136000,16)
2024.12.23 15:31:33.183221 write (10241,131072,27267072,16)
2024.12.23 15:31:33.183884 write (10241,131072,27398144,16)
2024.12.23 15:31:33.184374 write (10241,131072,27529216,16)
2024.12.23 15:31:33.184538 write (10241,131072,27660288,16)
2024.12.23 15:31:33.184713 write (10241,131072,27791360,16)
2024.12.23 15:31:33.184861 write (10241,131072,27922432,16)
2024.12.23 15:31:33.185011 write (10241,131072,28053504,16)
2024.12.23 15:31:33.185162 write (10241,131072,28184576,16)
2024.12.23 15:31:33.185310 write (10241,131072,28315648,16)
2024.12.23 15:31:33.185457 write (10241,131072,28446720,16)
2024.12.23 15:31:33.185603 write (10241,131072,28577792,16)
2024.12.23 15:31:33.185782 write (10241,131072,28708864,16)
2024.12.23 15:31:33.185945 write (10241,131072,28839936,16)
2024.12.23 15:31:33.186165 write (10241,131072,28971008,16)
2024.12.23 15:31:33.186351 write (10241,131072,29102080,16)
2024.12.23 15:31:33.186556 write (10241,131072,29233152,16)
2024.12.23 15:31:33.186763 write (10241,131072,29364224,16)
2024.12.23 15:31:33.186972 write (10241,131072,29495296,16)
2024.12.23 15:31:33.187480 write (10241,131072,29626368,16)
2024.12.23 15:31:33.187703 write (10241,131072,29757440,16)
2024.12.23 15:31:33.187917 write (10241,131072,29888512,16)
2024.12.23 15:31:33.188140 write (10241,131072,30019584,16)
2024.12.23 15:31:33.188386 write (10241,131072,30150656,16)
2024.12.23 15:31:33.188681 write (10241,131072,30281728,16)
2024.12.23 15:31:33.188924 write (10241,131072,30412800,16)
2024.12.23 15:31:33.189504 write (10241,131072,30543872,16)
2024.12.23 15:31:33.189722 write (10241,131072,30674944,16)
2024.12.23 15:31:33.189953 write (10241,131072,30806016,16)
2024.12.23 15:31:33.190256 write (10241,131072,30937088,16)
2024.12.23 15:31:33.190525 write (10241,131072,31068160,16)
2024.12.23 15:31:33.191118 write (10241,131072,31199232,16)
2024.12.23 15:31:33.191349 write (10241,131072,31330304,16)
2024.12.23 15:31:33.191602 write (10241,131072,31461376,16)
2024.12.23 15:31:33.191820 write (10241,131072,31592448,16)
2024.12.23 15:31:33.192098 write (10241,131072,31723520,16)
2024.12.23 15:31:33.192313 write (10241,131072,31854592,16)
2024.12.23 15:31:33.192466 write (10241,12416,31985664,16)
2024.12.23 15:31:33.192635 write (10241,2048,31998080,16)
2024.12.23 15:31:33.196337 flush (10241,16,45737C7297F0E1EA)
2024.12.23 15:31:33.196509 flush (10241,16,45737C7297F0E1EA)
2024.12.23 15:31:33.196686 release (10241,16)
2024.12.23 15:31:50.269757 getattr (1): (1,[drwxrwxrwx:0040777,3,0,0,1731231220,1734340320,1734340320,4096])
2024.12.23 15:31:50.270164 lookup (1,ndarrays): (6145,[drwxr-xr-x:0040755,2,1000,1000,1733900271,1734939093,1734939093,4096])
2024.12.23 15:31:50.270583 lookup (6145,np0.npy): (10241,[-rw-r--r--:0100644,1,1000,1000,1734939093,1734939093,1734939093,32000128])
2024.12.23 15:31:50.273827 open (10241,0x8000) [fh:17]
2024.12.23 15:31:50.277462 read (10241,131072,0,17): (131072)
2024.12.23 15:31:50.279218 getattr (10241): (10241,[-rw-r--r--:0100644,1,1000,1000,1734939093,1734939093,1734939093,32000128])
2024.12.23 15:31:50.279566 read (10241,131072,131072,17): (131072)
2024.12.23 15:31:50.279788 read (10241,131072,262144,17): (131072)
2024.12.23 15:31:50.281056 read (10241,131072,393216,17): (131072)
2024.12.23 15:31:50.281288 read (10241,131072,524288,17): (131072)
2024.12.23 15:31:50.281557 read (10241,131072,655360,17): (131072)
2024.12.23 15:31:50.282359 read (10241,131072,786432,17): (131072)
2024.12.23 15:31:50.282405 read (10241,131072,917504,17): (131072)
2024.12.23 15:31:50.282719 read (10241,131072,1048576,17): (131072)
2024.12.23 15:31:50.282765 read (10241,131072,1179648,17): (131072)
2024.12.23 15:31:50.283056 read (10241,131072,1310720,17): (131072)
2024.12.23 15:31:50.283078 read (10241,131072,1441792,17): (131072)
2024.12.23 15:31:50.283439 read (10241,131072,1572864,17): (131072)
2024.12.23 15:31:50.283664 read (10241,131072,1703936,17): (131072)
2024.12.23 15:31:50.283693 read (10241,131072,1835008,17): (131072)
2024.12.23 15:31:50.283856 read (10241,131072,1966080,17): (131072)
2024.12.23 15:31:50.283982 read (10241,131072,2097152,17): (131072)
2024.12.23 15:31:50.284112 read (10241,131072,2228224,17): (131072)
2024.12.23 15:31:50.284366 read (10241,131072,2359296,17): (131072)
2024.12.23 15:31:50.284487 read (10241,131072,2490368,17): (131072)
2024.12.23 15:31:50.284639 read (10241,131072,2621440,17): (131072)
2024.12.23 15:31:50.284680 read (10241,131072,2752512,17): (131072)
2024.12.23 15:31:50.285422 read (10241,131072,2883584,17): (131072)
2024.12.23 15:31:50.285469 read (10241,131072,3014656,17): (131072)
2024.12.23 15:31:50.285710 read (10241,131072,3145728,17): (131072)
2024.12.23 15:31:50.285733 read (10241,131072,3276800,17): (131072)
2024.12.23 15:31:50.286034 read (10241,131072,3407872,17): (131072)
2024.12.23 15:31:50.286062 read (10241,131072,3538944,17): (131072)
2024.12.23 15:31:50.286356 read (10241,131072,3670016,17): (131072)
2024.12.23 15:31:50.286396 read (10241,131072,3801088,17): (131072)
2024.12.23 15:31:50.286699 read (10241,131072,3932160,17): (131072)
2024.12.23 15:31:50.286791 read (10241,131072,4063232,17): (131072)
2024.12.23 15:31:50.286864 read (10241,131072,4194304,17): (131072)
2024.12.23 15:31:50.286947 read (10241,131072,4325376,17): (131072)
2024.12.23 15:31:50.287057 read (10241,131072,4456448,17): (131072)
2024.12.23 15:31:50.287165 read (10241,131072,4587520,17): (131072)
2024.12.23 15:31:50.287255 read (10241,131072,4718592,17): (131072)
2024.12.23 15:31:50.287345 read (10241,131072,4849664,17): (131072)
2024.12.23 15:31:50.287995 read (10241,131072,4980736,17): (131072)
2024.12.23 15:31:50.288091 read (10241,131072,5111808,17): (131072)
2024.12.23 15:31:50.288191 read (10241,131072,5242880,17): (131072)
2024.12.23 15:31:50.288343 read (10241,131072,5373952,17): (131072)
2024.12.23 15:31:50.288417 read (10241,131072,5505024,17): (131072)
2024.12.23 15:31:50.288579 read (10241,131072,5636096,17): (131072)
2024.12.23 15:31:50.288659 read (10241,131072,5767168,17): (131072)
2024.12.23 15:31:50.288865 read (10241,131072,5898240,17): (131072)
2024.12.23 15:31:50.288927 read (10241,131072,6029312,17): (131072)
2024.12.23 15:31:50.289071 read (10241,131072,6160384,17): (131072)
2024.12.23 15:31:50.289169 read (10241,131072,6291456,17): (131072)
2024.12.23 15:31:50.289404 read (10241,131072,6422528,17): (131072)
2024.12.23 15:31:50.289486 read (10241,131072,6553600,17): (131072)
2024.12.23 15:31:50.289750 read (10241,131072,6684672,17): (131072)
2024.12.23 15:31:50.289815 read (10241,131072,6815744,17): (131072)
2024.12.23 15:31:50.290062 read (10241,131072,6946816,17): (131072)
2024.12.23 15:31:50.290844 read (10241,131072,7208960,17): (131072)
2024.12.23 15:31:50.291000 read (10241,131072,7077888,17): (131072)
2024.12.23 15:31:50.291374 read (10241,131072,7340032,17): (131072)
2024.12.23 15:31:50.291516 read (10241,131072,7471104,17): (131072)
2024.12.23 15:31:50.291634 read (10241,131072,7602176,17): (131072)
2024.12.23 15:31:50.291736 read (10241,131072,7733248,17): (131072)
2024.12.23 15:31:50.291868 read (10241,131072,7864320,17): (131072)
2024.12.23 15:31:50.291987 read (10241,131072,7995392,17): (131072)
2024.12.23 15:31:50.292105 read (10241,131072,8126464,17): (131072)
2024.12.23 15:31:50.292475 read (10241,131072,8257536,17): (131072)
2024.12.23 15:31:50.292683 read (10241,131072,8388608,17): (131072)
2024.12.23 15:31:50.292820 read (10241,131072,8519680,17): (131072)
2024.12.23 15:31:50.292904 read (10241,131072,8650752,17): (131072)
2024.12.23 15:31:50.293066 read (10241,131072,8781824,17): (131072)
2024.12.23 15:31:50.293205 read (10241,131072,8912896,17): (131072)
2024.12.23 15:31:50.293292 read (10241,131072,9043968,17): (131072)
2024.12.23 15:31:50.294080 read (10241,131072,9175040,17): (131072)
2024.12.23 15:31:50.294136 read (10241,131072,9306112,17): (131072)
2024.12.23 15:31:50.294367 read (10241,131072,9437184,17): (131072)
2024.12.23 15:31:50.294423 read (10241,131072,9568256,17): (131072)
2024.12.23 15:31:50.294735 read (10241,131072,9699328,17): (131072)
2024.12.23 15:31:50.294816 read (10241,131072,9830400,17): (131072)
2024.12.23 15:31:50.295091 read (10241,131072,10092544,17): (131072)
2024.12.23 15:31:50.295269 read (10241,131072,9961472,17): (131072)
2024.12.23 15:31:50.295630 read (10241,131072,10354688,17): (131072)
2024.12.23 15:31:50.295781 read (10241,131072,10223616,17): (131072)
2024.12.23 15:31:50.298428 read (10241,131072,10485760,17): (131072)
2024.12.23 15:31:50.299020 read (10241,131072,10616832,17): (131072)
2024.12.23 15:31:50.302659 read (10241,131072,10747904,17): (131072)
2024.12.23 15:31:50.305152 read (10241,131072,11010048,17): (131072)
2024.12.23 15:31:50.306607 read (10241,131072,10878976,17): (131072)
2024.12.23 15:31:50.306945 read (10241,131072,11141120,17): (131072)
2024.12.23 15:31:50.307793 read (10241,131072,11403264,17): (131072)
2024.12.23 15:31:50.307935 read (10241,131072,11272192,17): (131072)
2024.12.23 15:31:50.308163 read (10241,131072,11534336,17): (131072)
2024.12.23 15:31:50.308220 read (10241,131072,11665408,17): (131072)
2024.12.23 15:31:50.308474 read (10241,131072,11796480,17): (131072)
2024.12.23 15:31:50.308579 read (10241,131072,11927552,17): (131072)
2024.12.23 15:31:50.308953 read (10241,131072,12058624,17): (131072)
2024.12.23 15:31:50.309013 read (10241,131072,12189696,17): (131072)
2024.12.23 15:31:50.309248 read (10241,131072,12320768,17): (131072)
2024.12.23 15:31:50.309475 read (10241,131072,12451840,17): (131072)
2024.12.23 15:31:50.309535 read (10241,131072,12582912,17): (131072)
2024.12.23 15:31:50.309862 read (10241,131072,12845056,17): (131072)
2024.12.23 15:31:50.309927 read (10241,131072,12713984,17): (131072)
2024.12.23 15:31:50.310220 read (10241,131072,12976128,17): (131072)
2024.12.23 15:31:50.310999 read (10241,131072,13107200,17): (131072)
2024.12.23 15:31:50.311110 read (10241,131072,13238272,17): (131072)
2024.12.23 15:31:50.312105 read (10241,131072,13369344,17): (131072)
2024.12.23 15:31:50.312165 read (10241,131072,13500416,17): (131072)
2024.12.23 15:31:50.312433 read (10241,131072,13631488,17): (131072)
2024.12.23 15:31:50.312949 read (10241,131072,13762560,17): (131072)
2024.12.23 15:31:50.312973 read (10241,131072,13893632,17): (131072)
2024.12.23 15:31:50.313324 read (10241,131072,14024704,17): (131072)
2024.12.23 15:31:50.313361 read (10241,131072,14155776,17): (131072)
2024.12.23 15:31:50.313640 read (10241,131072,14286848,17): (131072)
2024.12.23 15:31:50.313678 read (10241,131072,14417920,17): (131072)
2024.12.23 15:31:50.313995 read (10241,131072,14548992,17): (131072)
2024.12.23 15:31:50.314215 read (10241,131072,14680064,17): (131072)
2024.12.23 15:31:50.314246 read (10241,131072,14811136,17): (131072)
2024.12.23 15:31:50.314552 read (10241,131072,14942208,17): (131072)
2024.12.23 15:31:50.314614 read (10241,131072,15073280,17): (131072)
2024.12.23 15:31:50.314947 read (10241,131072,15204352,17): (131072)
2024.12.23 15:31:50.315013 read (10241,131072,15335424,17): (131072)
2024.12.23 15:31:50.316078 read (10241,131072,15466496,17): (131072)
2024.12.23 15:31:50.316153 read (10241,131072,15597568,17): (131072)
2024.12.23 15:31:50.316397 read (10241,131072,15728640,17): (131072)
2024.12.23 15:31:50.316447 read (10241,131072,15859712,17): (131072)
2024.12.23 15:31:50.316665 read (10241,131072,15990784,17): (131072)
2024.12.23 15:31:50.316751 read (10241,131072,16121856,17): (131072)
2024.12.23 15:31:50.316970 read (10241,131072,16252928,17): (131072)
2024.12.23 15:31:50.317041 read (10241,131072,16384000,17): (131072)
2024.12.23 15:31:50.317288 read (10241,131072,16515072,17): (131072)
2024.12.23 15:31:50.317350 read (10241,131072,16646144,17): (131072)
2024.12.23 15:31:50.317645 read (10241,131072,16777216,17): (131072)
2024.12.23 15:31:50.317793 read (10241,131072,16908288,17): (131072)
2024.12.23 15:31:50.317892 read (10241,131072,17039360,17): (131072)
2024.12.23 15:31:50.318042 read (10241,131072,17170432,17): (131072)
2024.12.23 15:31:50.318100 read (10241,131072,17301504,17): (131072)
2024.12.23 15:31:50.318283 read (10241,131072,17432576,17): (131072)
2024.12.23 15:31:50.319685 read (10241,131072,17563648,17): (131072)
2024.12.23 15:31:50.319722 read (10241,131072,17694720,17): (131072)
2024.12.23 15:31:50.319983 read (10241,131072,17825792,17): (131072)
2024.12.23 15:31:50.320063 read (10241,131072,17956864,17): (131072)
2024.12.23 15:31:50.320248 read (10241,131072,18087936,17): (131072)
2024.12.23 15:31:50.320330 read (10241,131072,18219008,17): (131072)
2024.12.23 15:31:50.320536 read (10241,131072,18350080,17): (131072)
2024.12.23 15:31:50.320617 read (10241,131072,18481152,17): (131072)
2024.12.23 15:31:50.320823 read (10241,131072,18612224,17): (131072)
2024.12.23 15:31:50.320873 read (10241,131072,18743296,17): (131072)
2024.12.23 15:31:50.321147 read (10241,131072,18874368,17): (131072)
2024.12.23 15:31:50.321292 read (10241,131072,19005440,17): (131072)
2024.12.23 15:31:50.321411 read (10241,131072,19136512,17): (131072)
2024.12.23 15:31:50.321513 read (10241,131072,19267584,17): (131072)
2024.12.23 15:31:50.321673 read (10241,131072,19398656,17): (131072)
2024.12.23 15:31:50.321780 read (10241,131072,19529728,17): (131072)
2024.12.23 15:31:50.322829 read (10241,131072,19660800,17): (131072)
2024.12.23 15:31:50.322860 read (10241,131072,19791872,17): (131072)
2024.12.23 15:31:50.323234 read (10241,131072,19922944,17): (131072)
2024.12.23 15:31:50.323299 read (10241,131072,20054016,17): (131072)
2024.12.23 15:31:50.323525 read (10241,131072,20185088,17): (131072)
2024.12.23 15:31:50.323622 read (10241,131072,20316160,17): (131072)
2024.12.23 15:31:50.323933 read (10241,131072,20578304,17): (131072)
2024.12.23 15:31:50.324067 read (10241,131072,20447232,17): (131072)
2024.12.23 15:31:50.324362 read (10241,131072,20709376,17): (131072)
2024.12.23 15:31:50.324413 read (10241,131072,20840448,17): (131072)
2024.12.23 15:31:50.324725 read (10241,131072,20971520,17): (131072)
2024.12.23 15:31:50.324878 read (10241,131072,21102592,17): (131072)
2024.12.23 15:31:50.325013 read (10241,131072,21233664,17): (131072)
2024.12.23 15:31:50.325556 read (10241,131072,21364736,17): (131072)
2024.12.23 15:31:50.325600 read (10241,131072,21495808,17): (131072)
2024.12.23 15:31:50.325850 read (10241,131072,21626880,17): (131072)
2024.12.23 15:31:50.326569 read (10241,131072,21757952,17): (131072)
2024.12.23 15:31:50.326612 read (10241,131072,21889024,17): (131072)
2024.12.23 15:31:50.326914 read (10241,131072,22020096,17): (131072)
2024.12.23 15:31:50.326963 read (10241,131072,22151168,17): (131072)
2024.12.23 15:31:50.327213 read (10241,131072,22282240,17): (131072)
2024.12.23 15:31:50.327253 read (10241,131072,22413312,17): (131072)
2024.12.23 15:31:50.327493 read (10241,131072,22544384,17): (131072)
2024.12.23 15:31:50.327545 read (10241,131072,22675456,17): (131072)
2024.12.23 15:31:50.327716 read (10241,131072,22806528,17): (131072)
2024.12.23 15:31:50.327804 read (10241,131072,22937600,17): (131072)
2024.12.23 15:31:50.327939 read (10241,131072,23068672,17): (131072)
2024.12.23 15:31:50.328037 read (10241,131072,23199744,17): (131072)
2024.12.23 15:31:50.328156 read (10241,131072,23330816,17): (131072)
2024.12.23 15:31:50.328516 read (10241,131072,23461888,17): (131072)
2024.12.23 15:31:50.328598 read (10241,131072,23592960,17): (131072)
2024.12.23 15:31:50.328680 read (10241,131072,23724032,17): (131072)
2024.12.23 15:31:50.329339 read (10241,131072,23855104,17): (131072)
2024.12.23 15:31:50.329536 read (10241,131072,23986176,17): (131072)
2024.12.23 15:31:50.329601 read (10241,131072,24117248,17): (131072)
2024.12.23 15:31:50.329817 read (10241,131072,24248320,17): (131072)
2024.12.23 15:31:50.329867 read (10241,131072,24379392,17): (131072)
2024.12.23 15:31:50.330118 read (10241,131072,24510464,17): (131072)
2024.12.23 15:31:50.330157 read (10241,131072,24641536,17): (131072)
2024.12.23 15:31:50.330348 read (10241,131072,24772608,17): (131072)
2024.12.23 15:31:50.330408 read (10241,131072,24903680,17): (131072)
2024.12.23 15:31:50.330607 read (10241,131072,25034752,17): (131072)
2024.12.23 15:31:50.330712 read (10241,131072,25165824,17): (131072)
2024.12.23 15:31:50.330805 read (10241,131072,25296896,17): (131072)
2024.12.23 15:31:50.330942 read (10241,131072,25427968,17): (131072)
2024.12.23 15:31:50.331405 read (10241,131072,25559040,17): (131072)
2024.12.23 15:31:50.331763 read (10241,131072,25690112,17): (131072)
2024.12.23 15:31:50.331789 read (10241,131072,25821184,17): (131072)
2024.12.23 15:31:50.332829 read (10241,131072,25952256,17): (131072)
2024.12.23 15:31:50.332857 read (10241,131072,26083328,17): (131072)
2024.12.23 15:31:50.333095 read (10241,131072,26214400,17): (131072)
2024.12.23 15:31:50.333123 read (10241,131072,26345472,17): (131072)
2024.12.23 15:31:50.333297 read (10241,131072,26476544,17): (131072)
2024.12.23 15:31:50.333360 read (10241,131072,26607616,17): (131072)
2024.12.23 15:31:50.333519 read (10241,131072,26738688,17): (131072)
2024.12.23 15:31:50.333576 read (10241,131072,26869760,17): (131072)
2024.12.23 15:31:50.333714 read (10241,131072,27000832,17): (131072)
2024.12.23 15:31:50.333783 read (10241,131072,27131904,17): (131072)
2024.12.23 15:31:50.333934 read (10241,131072,27262976,17): (131072)
2024.12.23 15:31:50.333986 read (10241,131072,27394048,17): (131072)
2024.12.23 15:31:50.334146 read (10241,131072,27525120,17): (131072)
2024.12.23 15:31:50.334445 read (10241,131072,27656192,17): (131072)
2024.12.23 15:31:50.334533 read (10241,131072,27787264,17): (131072)
2024.12.23 15:31:50.334660 read (10241,131072,27918336,17): (131072)
2024.12.23 15:31:50.335342 read (10241,131072,28049408,17): (131072)
2024.12.23 15:31:50.335439 read (10241,131072,28180480,17): (131072)
2024.12.23 15:31:50.335585 read (10241,131072,28311552,17): (131072)
2024.12.23 15:31:50.335603 read (10241,131072,28442624,17): (131072)
2024.12.23 15:31:50.335785 read (10241,131072,28573696,17): (131072)
2024.12.23 15:31:50.335839 read (10241,131072,28704768,17): (131072)
2024.12.23 15:31:50.335999 read (10241,131072,28835840,17): (131072)
2024.12.23 15:31:50.336060 read (10241,131072,28966912,17): (131072)
2024.12.23 15:31:50.336186 read (10241,131072,29097984,17): (131072)
2024.12.23 15:31:50.336252 read (10241,131072,29229056,17): (131072)
2024.12.23 15:31:50.336363 read (10241,131072,29360128,17): (131072)
2024.12.23 15:31:50.336446 read (10241,131072,29491200,17): (131072)
2024.12.23 15:31:50.336562 read (10241,131072,29622272,17): (131072)
2024.12.23 15:31:50.336975 read (10241,131072,29753344,17): (131072)
2024.12.23 15:31:50.337055 read (10241,131072,29884416,17): (131072)
2024.12.23 15:31:50.337170 read (10241,131072,30015488,17): (131072)
2024.12.23 15:31:50.337847 read (10241,131072,30146560,17): (131072)
2024.12.23 15:31:50.337966 read (10241,131072,30277632,17): (131072)
2024.12.23 15:31:50.338075 read (10241,131072,30408704,17): (131072)
2024.12.23 15:31:50.338170 read (10241,131072,30539776,17): (131072)
2024.12.23 15:31:50.338243 read (10241,131072,30670848,17): (131072)
2024.12.23 15:31:50.338359 read (10241,131072,30801920,17): (131072)
2024.12.23 15:31:50.338417 read (10241,131072,30932992,17): (131072)
2024.12.23 15:31:50.338558 read (10241,131072,31064064,17): (131072)
2024.12.23 15:31:50.338605 read (10241,131072,31195136,17): (131072)
2024.12.23 15:31:50.338754 read (10241,131072,31326208,17): (131072)
2024.12.23 15:31:50.338808 read (10241,131072,31457280,17): (131072)
2024.12.23 15:31:50.339008 read (10241,131072,31588352,17): (131072)
2024.12.23 15:31:50.339121 read (10241,131072,31719424,17): (131072)
2024.12.23 15:31:50.339453 read (10241,131072,31850496,17): (131072)
2024.12.23 15:31:50.339570 read (10241,20480,31981568,17): (18560)
2024.12.23 15:31:50.339730 flush (10241,17,B3EFD0CFAFE4DCF0)
2024.12.23 15:31:50.339909 flush (10241,17,B3EFD0CFAFE4DCF0)
2024.12.23 15:31:50.340043 release (10241,17)

2024.12.23 15:32:41.347758 getattr (1): (1,[drwxrwxrwx:0040777,3,0,0,1731231220,1734340320,1734340320,4096])
2024.12.23 15:32:41.348236 lookup (1,ndarrays): (6145,[drwxr-xr-x:0040755,2,1000,1000,1733900271,1734939093,1734939093,4096])
2024.12.23 15:32:41.348657 lookup (6145,np0.npy): (10241,[-rw-r--r--:0100644,1,1000,1000,1734939093,1734939093,1734939093,32000128])
2024.12.23 15:32:41.349656 open (10241,0x8000) [fh:19]
2024.12.23 15:32:41.362496 flush (10241,19,96305BFC4B501129)
2024.12.23 15:32:41.362851 flush (10241,19,96305BFC4B501129)
2024.12.23 15:32:41.363094 release (10241,19)

2024.12.23 15:34:58.732758 getattr (1): (1,[drwxrwxrwx:0040777,3,0,0,1731231220,1734340320,1734340320,4096])
2024.12.23 15:34:58.733379 lookup (1,ndarrays): (6145,[drwxr-xr-x:0040755,2,1000,1000,1733900271,1734939093,1734939093,4096])
2024.12.23 15:34:58.733878 lookup (6145,np0.npy): (10241,[-rw-r--r--:0100644,1,1000,1000,1734939093,1734939093,1734939093,32000128])
2024.12.23 15:34:58.734884 open (10241,0x8000) [fh:21]
2024.12.23 15:34:58.746708 flush (10241,21,AE7D94B118D899C8)
2024.12.23 15:34:58.746954 flush (10241,21,AE7D94B118D899C8)
2024.12.23 15:34:58.747220 release (10241,21)
