 <DEBUG>: maxprocs: Leaving GOMAXPROCS=8: CPU quota undefined [maxprocs.go:47]
 <DEBUG>: Debug agent listening on 127.0.0.1:6060 [main.go:321]
 <INFO>: Meta address: redis://localhost:6379/1 [interface.go:506]
 <WARNING>: AOF is not enabled, you may lose data if Redis is not shutdown properly. [info.go:84]
 <INFO>: Ping redis latency: 1.277312ms [redis.go:3544]
 <WARNING>: buffer-size is too small, setting it to 32 MiB [cached_store.go:615]
 <DEBUG>: Drop OSCache: true [mount.go:632]
 <DEBUG>: Creating file storage at endpoint /home/kaifengpeng/.juicefs/local/ [object_storage.go:167]
 <INFO>: Data use file:///home/kaifengpeng/.juicefs/local/redis-jfs/ [mount.go:640]
 <DEBUG>: maxprocs: Leaving GOMAXPROCS=8: CPU quota undefined [maxprocs.go:47]
 <DEBUG>: Debug agent listening on 127.0.0.1:6060 [main.go:321]
 <DEBUG>: Debug agent listening on 127.0.0.1:6061 [main.go:321]
 <INFO>: Meta address: redis://localhost:6379/1 [interface.go:506]
 <WARNING>: AOF is not enabled, you may lose data if Redis is not shutdown properly. [info.go:84]
 <INFO>: Ping redis latency: 650.912µs [redis.go:3544]
 <WARNING>: buffer-size is too small, setting it to 32 MiB [cached_store.go:615]
 <DEBUG>: Drop OSCache: false [mount.go:632]
 <DEBUG>: Creating file storage at endpoint /home/kaifengpeng/.juicefs/local/ [object_storage.go:167]
 <INFO>: Data use file:///home/kaifengpeng/.juicefs/local/redis-jfs/ [mount.go:640]
 <INFO>: JuiceFS version 1.3.0-dev+unknown [mount.go:682]
 <INFO>: Create session 93 OK with version: 1.3.0-dev+unknown [base.go:455]
 <INFO>: Prometheus metrics listening on 127.0.0.1:9567 [mount.go:135]
 <INFO>: Mounting volume redis-jfs at /mnt/jfs ... [mount_unix.go:870]
 <WARNING>: setpriority: permission denied [fuse.go:434]
 <DEBUG>: /dev/fuse is already granted [device_linux.go:96]
 <DEBUG>: msg:  fds: [] [passfd.go:146]
 <DEBUG>: recv FUSE fd: 13 [passfd.go:133]
 <DEBUG>: [META] AttrLoaded {Ino: 1} [base.go:975]
 <INFO>: OK, redis-jfs is ready at /mnt/jfs [mount_unix.go:221]
 <DEBUG>: [META] AttrLoaded {Ino: 1} [base.go:975]
 <DEBUG>: [META] AttrLoaded {Ino: 1} [base.go:975]
 <DEBUG>: [META] AttrLoaded {Ino: 1} [base.go:975]
 <DEBUG>: [META] AttrLoaded {Ino: 1} [base.go:975]
 <DEBUG>: [META] Lookup {Name: ndarrays, ParentIno: 1, FoundIno: 6145} [redis.go:777]
 <DEBUG>: [META] AttrLoaded {Ino: 6145} [base.go:975]
 <DEBUG>: [META] AttrLoaded {Ino: 1} [base.go:975]
 <DEBUG>: [META] Lookup {Name: ndarrays, ParentIno: 1, FoundIno: 6145} [redis.go:777]
 <DEBUG>: [META] AttrLoaded {Ino: 6145} [base.go:975]
 <DEBUG>: [META] AttrLoaded {Ino: 1} [base.go:975]
 <DEBUG>: [META] Lookup {Name: ndarrays, ParentIno: 1, FoundIno: 6145} [redis.go:777]
 <DEBUG>: [META] AttrLoaded {Ino: 6145} [base.go:975]
 <DEBUG>: [META] AttrLoaded {Ino: 1} [base.go:975]
 <DEBUG>: [META] Lookup {Name: ndarrays, ParentIno: 1, FoundIno: 6145} [redis.go:777]
 <DEBUG>: [META] AttrLoaded {Ino: 6145} [base.go:975]
 <DEBUG>: [META] AttrLoaded {Ino: 1} [base.go:975]
 <DEBUG>: [META] Lookup {Name: ndarrays, ParentIno: 1, FoundIno: 6145} [redis.go:777]
 <DEBUG>: [META] AttrLoaded {Ino: 6145} [base.go:975]
 <DEBUG>: [META] AttrLoaded {Ino: 1} [base.go:975]
 <DEBUG>: [META] Lookup {Name: ndarrays, ParentIno: 1, FoundIno: 6145} [redis.go:777]
 <DEBUG>: [META] AttrLoaded {Ino: 6145} [base.go:975]
 <DEBUG>: [META] AttrLoaded {Ino: 6145} [base.go:975]
 <DEBUG>: [META] AttrLoaded {Ino: 6145} [base.go:975]
 <DEBUG>: readdir: [6145:1] 2 entries, offset=0 [vfs.go:451]
 <DEBUG>: readdir: [6145:1] 0 entries, offset=2 [vfs.go:451]
 <DEBUG>: [META] AttrLoaded {Ino: 1} [base.go:975]
 <DEBUG>: [META] AttrLoaded {Ino: 1} [base.go:975]
 <DEBUG>: [META] Lookup {Name: ndarrays, ParentIno: 1, FoundIno: 6145} [redis.go:777]
 <DEBUG>: [META] AttrLoaded {Ino: 6145} [base.go:975]
 <DEBUG>: [META] AttrLoaded {Ino: 1} [base.go:975]
 <DEBUG>: [META] Lookup {Name: ndarrays, ParentIno: 1, FoundIno: 6145} [redis.go:777]
 <DEBUG>: [META] AttrLoaded {Ino: 6145} [base.go:975]
 <DEBUG>: [META] AttrLoaded {Ino: 1} [base.go:975]
 <DEBUG>: [META] AttrLoaded {Ino: 1} [base.go:975]
 <DEBUG>: [META] Lookup {Name: ndarrays, ParentIno: 1, FoundIno: 6145} [redis.go:777]
 <DEBUG>: [META] AttrLoaded {Ino: 6145} [base.go:975]
 <DEBUG>: [META] AttrLoaded {Ino: 6145} [base.go:975]
 <DEBUG>: [META] AttrLoaded {Ino: 16385} [base.go:975]
 <DEBUG>: [META] AttrLoaded {Ino: 16385} [base.go:975]
 <DEBUG>: [META] AttrLoaded {Ino: 16385} [base.go:975]
 <DEBUG>: PUT chunks/0/69/69633_0_128 (req_id: "", err: <nil>, cost: 2.84711ms) [cached_store.go:695]
 <DEBUG>: PUT chunks/0/69/69634_0_4194304 (req_id: "", err: <nil>, cost: 9.496625ms) [cached_store.go:695]
 <DEBUG>: PUT chunks/0/69/69634_1_4194304 (req_id: "", err: <nil>, cost: 7.273379ms) [cached_store.go:695]
 <DEBUG>: PUT chunks/0/69/69634_2_4194304 (req_id: "", err: <nil>, cost: 3.878701ms) [cached_store.go:695]
 <DEBUG>: PUT chunks/0/69/69634_3_4194304 (req_id: "", err: <nil>, cost: 13.22999ms) [cached_store.go:695]
 <DEBUG>: PUT chunks/0/69/69634_4_4194304 (req_id: "", err: <nil>, cost: 3.442524ms) [cached_store.go:695]
 <DEBUG>: PUT chunks/0/69/69634_5_4194304 (req_id: "", err: <nil>, cost: 3.096506ms) [cached_store.go:695]
 <DEBUG>: PUT chunks/0/69/69634_6_4194304 (req_id: "", err: <nil>, cost: 5.475341ms) [cached_store.go:695]
 <DEBUG>: PUT chunks/0/69/69634_7_2639872 (req_id: "", err: <nil>, cost: 2.751697ms) [cached_store.go:695]
 <DEBUG>: [META] AttrLoaded {Ino: 1} [base.go:975]

 -- Read debug.npy
 <DEBUG>: [META] AttrLoaded {Ino: 1} [base.go:975]
 <DEBUG>: [META] Lookup {Name: ndarrays, ParentIno: 1, FoundIno: 6145} [redis.go:777]
 <DEBUG>: [META] AttrLoaded {Ino: 6145} [base.go:975]
 <DEBUG>: [META] Lookup {Name: debug.npy, ParentIno: 6145, FoundIno: 16385} [redis.go:777]
 <DEBUG>: [META] AttrLoaded {Ino: 16385} [base.go:975]
 <DEBUG>: [META] AttrLoaded {Ino: 16385} [base.go:975]
 <DEBUG>: [META] AttrLoaded {Ino: 16385} [base.go:975]
 <DEBUG>: [META] AttrLoaded {Ino: 16385} [base.go:975]
 <DEBUG>: [READAHEAD] Readahead {off: 131072, len: 4194304} [reader.go:551]
 <DEBUG>: [READAHEAD] Readahead {off: 4194304, len: 4194304} [reader.go:551]
 <DEBUG>: [META] LoadSlices {Ino: 16385, Chunk_id: 0} [base.go:1501]
 <DEBUG>: [META] CacheLoadedSlices {Ino: 16385, Chunk_id: 0} [base.go:1522]
 <DEBUG>: [META] LoadSlices {Ino: 16385, Chunk_id: 0} [base.go:1501]
 <DEBUG>: [META] CacheLoadedSlices {Ino: 16385, Chunk_id: 0} [base.go:1522]
 <DEBUG>: [OBJECT] GetFromObjectStorage {Key: chunks/0/69/69633_0_128, Ino: } [cached_store.go:735]
 <DEBUG>: GET chunks/0/69/69633_0_128 (req_id: "", err: <nil>, cost: 347.819µs) [cached_store.go:695]
 <DEBUG>: [META] LoadSlices {Ino: 16385, Chunk_id: 0} [base.go:1501]
 <DEBUG>: [META] CacheLoadedSlices {Ino: 16385, Chunk_id: 0} [base.go:1522]
 <DEBUG>: [OBJECT] GetFromObjectStorage {Key: chunks/0/69/69634_0_4194304, Ino: } [cached_store.go:735]
 <DEBUG>: GET chunks/0/69/69634_0_4194304 (req_id: "", err: <nil>, cost: 4.497544ms) [cached_store.go:695]
 <DEBUG>: [OBJECT] GetFromObjectStorage {Key: chunks/0/69/69634_1_4194304, Ino: } [cached_store.go:735]
 <DEBUG>: GET chunks/0/69/69634_1_4194304 (req_id: "", err: <nil>, cost: 2.490766ms) [cached_store.go:695]
 <DEBUG>: [META] AttrLoaded {Ino: 16385} [base.go:975]
 <DEBUG>: [META] AttrLoaded {Ino: 16385} [base.go:975]
 <DEBUG>: [META] AttrLoaded {Ino: 16385} [base.go:975]
 <DEBUG>: [META] AttrLoaded {Ino: 16385} [base.go:975]
 <DEBUG>: [READAHEAD] Readahead {off: 8388608, len: 4194304} [reader.go:551]
 <DEBUG>: [META] CachedSlicesHit {Ino: 16385, Chunk_id: 0} [base.go:1493]
 <DEBUG>: [READAHEAD] Readahead {off: 12582912, len: 4194304} [reader.go:551]
 <DEBUG>: [META] CachedSlicesHit {Ino: 16385, Chunk_id: 0} [base.go:1493]
 <DEBUG>: [OBJECT] PartialGET {Key: chunks/0/69/69634_1_4194304, Range: [boff: 4194176, len: 128], Ino: %!d(<nil>)} [cached_store.go:186]
 <DEBUG>: GET chunks/0/69/69634_1_4194304 RANGE(4194176,128) (req_id: "", err: <nil>, cost: 249.257µs) [cached_store.go:695]
 <DEBUG>: [OBJECT] PartialGET {Key: chunks/0/69/69634_2_4194304, Range: [boff: 4194176, len: 128], Ino: %!d(<nil>)} [cached_store.go:186]
 <DEBUG>: GET chunks/0/69/69634_2_4194304 RANGE(4194176,128) (req_id: "", err: <nil>, cost: 264.326µs) [cached_store.go:695]
 <DEBUG>: [OBJECT] Prefetch {Key: chunks/0/69/69634_2_4194304, Ino: %!d(<nil>)} [cached_store.go:197]
 <DEBUG>: [OBJECT] Prefetch {Key: chunks/0/69/69634_1_4194304, Ino: %!d(<nil>)} [cached_store.go:197]
 <DEBUG>: [OBJECT] GetFromObjectStorage {Key: chunks/0/69/69634_2_4194304, Ino: } [cached_store.go:735]
 <DEBUG>: GET chunks/0/69/69634_2_4194304 (req_id: "", err: <nil>, cost: 814.906µs) [cached_store.go:695]
 <DEBUG>: [OBJECT] GetFromObjectStorage {Key: chunks/0/69/69634_3_4194304, Ino: } [cached_store.go:735]
 <DEBUG>: GET chunks/0/69/69634_3_4194304 (req_id: "", err: <nil>, cost: 1.445053ms) [cached_store.go:695]
 <DEBUG>: [READAHEAD] Readahead {off: 16777216, len: 4194304} [reader.go:551]
 <DEBUG>: [META] CachedSlicesHit {Ino: 16385, Chunk_id: 0} [base.go:1493]
 <DEBUG>: [OBJECT] PartialGET {Key: chunks/0/69/69634_3_4194304, Range: [boff: 4194176, len: 128], Ino: %!d(<nil>)} [cached_store.go:186]
 <DEBUG>: GET chunks/0/69/69634_3_4194304 RANGE(4194176,128) (req_id: "", err: <nil>, cost: 310.082µs) [cached_store.go:695]
 <DEBUG>: [OBJECT] Prefetch {Key: chunks/0/69/69634_3_4194304, Ino: %!d(<nil>)} [cached_store.go:197]
 <DEBUG>: [OBJECT] GetFromObjectStorage {Key: chunks/0/69/69634_4_4194304, Ino: } [cached_store.go:735]
 <DEBUG>: GET chunks/0/69/69634_4_4194304 (req_id: "", err: <nil>, cost: 1.579313ms) [cached_store.go:695]
 <DEBUG>: [READAHEAD] Readahead {off: 20971520, len: 4194304} [reader.go:551]
 <DEBUG>: [META] CachedSlicesHit {Ino: 16385, Chunk_id: 0} [base.go:1493]
 <DEBUG>: [OBJECT] PartialGET {Key: chunks/0/69/69634_4_4194304, Range: [boff: 4194176, len: 128], Ino: %!d(<nil>)} [cached_store.go:186]
 <DEBUG>: GET chunks/0/69/69634_4_4194304 RANGE(4194176,128) (req_id: "", err: <nil>, cost: 273.134µs) [cached_store.go:695]
 <DEBUG>: [OBJECT] Prefetch {Key: chunks/0/69/69634_4_4194304, Ino: %!d(<nil>)} [cached_store.go:197]
 <DEBUG>: [OBJECT] GetFromObjectStorage {Key: chunks/0/69/69634_5_4194304, Ino: } [cached_store.go:735]
 <DEBUG>: GET chunks/0/69/69634_5_4194304 (req_id: "", err: <nil>, cost: 1.017346ms) [cached_store.go:695]
 <DEBUG>: [READAHEAD] Readahead {off: 25165824, len: 4194304} [reader.go:551]
 <DEBUG>: [META] CachedSlicesHit {Ino: 16385, Chunk_id: 0} [base.go:1493]
 <DEBUG>: [OBJECT] PartialGET {Key: chunks/0/69/69634_5_4194304, Range: [boff: 4194176, len: 128], Ino: %!d(<nil>)} [cached_store.go:186]
 <DEBUG>: GET chunks/0/69/69634_5_4194304 RANGE(4194176,128) (req_id: "", err: <nil>, cost: 319.993µs) [cached_store.go:695]
 <DEBUG>: [OBJECT] Prefetch {Key: chunks/0/69/69634_5_4194304, Ino: %!d(<nil>)} [cached_store.go:197]
 <DEBUG>: [OBJECT] GetFromObjectStorage {Key: chunks/0/69/69634_6_4194304, Ino: } [cached_store.go:735]
 <DEBUG>: GET chunks/0/69/69634_6_4194304 (req_id: "", err: <nil>, cost: 1.39469ms) [cached_store.go:695]
 <DEBUG>: [READAHEAD] Readahead {off: 29360128, len: 4194304} [reader.go:551]
 <DEBUG>: [META] CachedSlicesHit {Ino: 16385, Chunk_id: 0} [base.go:1493]
 <DEBUG>: [OBJECT] PartialGET {Key: chunks/0/69/69634_6_4194304, Range: [boff: 4194176, len: 128], Ino: %!d(<nil>)} [cached_store.go:186]
 <DEBUG>: GET chunks/0/69/69634_6_4194304 RANGE(4194176,128) (req_id: "", err: <nil>, cost: 269.269µs) [cached_store.go:695]
 <DEBUG>: [OBJECT] Prefetch {Key: chunks/0/69/69634_6_4194304, Ino: %!d(<nil>)} [cached_store.go:197]
 <DEBUG>: [OBJECT] GetFromObjectStorage {Key: chunks/0/69/69634_7_2639872, Ino: } [cached_store.go:735]
 <DEBUG>: GET chunks/0/69/69634_7_2639872 (req_id: "", err: <nil>, cost: 1.0775ms) [cached_store.go:695]
 <DEBUG>: [META] AttrLoaded {Ino: 16385} [base.go:975]
 <DEBUG>: [META] AttrLoaded {Ino: 1} [base.go:975]

 -- Read debug.npy
 <DEBUG>: [META] AttrLoaded {Ino: 1} [base.go:975]
 <DEBUG>: [META] Lookup {Name: ndarrays, ParentIno: 1, FoundIno: 6145} [redis.go:777]
 <DEBUG>: [META] AttrLoaded {Ino: 6145} [base.go:975]
 <DEBUG>: [META] Lookup {Name: debug.npy, ParentIno: 6145, FoundIno: 16385} [redis.go:777]
 <DEBUG>: [META] AttrLoaded {Ino: 16385} [base.go:975]
 <DEBUG>: [META] AttrLoaded {Ino: 16385} [base.go:975]
 <DEBUG>: [META] AttrLoaded {Ino: 16385} [base.go:975]
 <DEBUG>: [META] AttrLoaded {Ino: 16385} [base.go:975]
 <DEBUG>: [META] AttrLoaded {Ino: 16385} [base.go:975]
 <DEBUG>: [META] AttrLoaded {Ino: 16385} [base.go:975]
 <DEBUG>: [META] AttrLoaded {Ino: 16385} [base.go:975]
 <DEBUG>: [META] AttrLoaded {Ino: 16385} [base.go:975]
 <DEBUG>: [META] AttrLoaded {Ino: 16385} [base.go:975]
 <DEBUG>: [META] AttrLoaded {Ino: 1} [base.go:975]
 <DEBUG>: [META] AttrLoaded {Ino: 1} [base.go:975]
 <DEBUG>: [META] Lookup {Name: ndarrays, ParentIno: 1, FoundIno: 6145} [redis.go:777]
 <DEBUG>: [META] AttrLoaded {Ino: 6145} [base.go:975]
 <DEBUG>: [META] Lookup {Name: debug.npy, ParentIno: 6145, FoundIno: 16385} [redis.go:777]
 <DEBUG>: [META] AttrLoaded {Ino: 16385} [base.go:975]
 <DEBUG>: [META] AttrLoaded {Ino: 16385} [base.go:975]
 <DEBUG>: [META] AttrLoaded {Ino: 16385} [base.go:975]
 <DEBUG>: [META] AttrLoaded {Ino: 16385} [base.go:975]
 <DEBUG>: [META] AttrLoaded {Ino: 16385} [base.go:975]
 <DEBUG>: [META] AttrLoaded {Ino: 16385} [base.go:975]
 <DEBUG>: [META] AttrLoaded {Ino: 16385} [base.go:975]
 <DEBUG>: [META] AttrLoaded {Ino: 16385} [base.go:975]
 <DEBUG>: [META] AttrLoaded {Ino: 16385} [base.go:975]
 <DEBUG>: [META] AttrLoaded {Ino: 1} [base.go:975]

 -- Read: debug.npy
 <DEBUG>: [META] AttrLoaded {Ino: 1} [base.go:975]
 <DEBUG>: [META] Lookup {Name: ndarrays, ParentIno: 1, FoundIno: 6145} [redis.go:777]
 <DEBUG>: [META] AttrLoaded {Ino: 6145} [base.go:975]
 <DEBUG>: [META] Lookup {Name: debug.npy, ParentIno: 6145, FoundIno: 16385} [redis.go:777]
 <DEBUG>: [META] AttrLoaded {Ino: 16385} [base.go:975]
 <DEBUG>: [META] AttrLoaded {Ino: 16385} [base.go:975]
 <DEBUG>: [META] AttrLoaded {Ino: 16385} [base.go:975]
 <DEBUG>: [META] AttrLoaded {Ino: 16385} [base.go:975]
 <DEBUG>: [META] AttrLoaded {Ino: 16385} [base.go:975]
 <DEBUG>: [META] AttrLoaded {Ino: 16385} [base.go:975]
 <DEBUG>: [META] AttrLoaded {Ino: 16385} [base.go:975]
 <DEBUG>: [META] AttrLoaded {Ino: 16385} [base.go:975]
 <DEBUG>: [META] AttrLoaded {Ino: 16385} [base.go:975]
 <DEBUG>: [META] AttrLoaded {Ino: 1} [base.go:975]
 <DEBUG>: [META] AttrLoaded {Ino: 1} [base.go:975]
 <DEBUG>: [META] Lookup {Name: ndarrays, ParentIno: 1, FoundIno: 6145} [redis.go:777]
 <DEBUG>: [META] AttrLoaded {Ino: 6145} [base.go:975]
 <DEBUG>: [META] AttrLoaded {Ino: 6145} [base.go:975]
 <DEBUG>: [META] AttrLoaded {Ino: 16386} [base.go:975]
 <DEBUG>: [META] AttrLoaded {Ino: 16386} [base.go:975]
 <DEBUG>: [META] AttrLoaded {Ino: 16386} [base.go:975]
 <DEBUG>: PUT chunks/0/69/69635_0_128 (req_id: "", err: <nil>, cost: 624.904µs) [cached_store.go:695]
 <DEBUG>: PUT chunks/0/69/69636_0_4194304 (req_id: "", err: <nil>, cost: 4.349781ms) [cached_store.go:695]
 <DEBUG>: PUT chunks/0/69/69636_1_4194304 (req_id: "", err: <nil>, cost: 19.058463ms) [cached_store.go:695]
 <DEBUG>: PUT chunks/0/69/69636_2_4194304 (req_id: "", err: <nil>, cost: 16.411791ms) [cached_store.go:695]
 <DEBUG>: PUT chunks/0/69/69636_3_4194304 (req_id: "", err: <nil>, cost: 23.104907ms) [cached_store.go:695]
 <DEBUG>: PUT chunks/0/69/69636_4_4194304 (req_id: "", err: <nil>, cost: 15.931419ms) [cached_store.go:695]
 <DEBUG>: PUT chunks/0/69/69636_5_4194304 (req_id: "", err: <nil>, cost: 12.725813ms) [cached_store.go:695]
 <DEBUG>: PUT chunks/0/69/69636_6_4194304 (req_id: "", err: <nil>, cost: 17.751517ms) [cached_store.go:695]
 <DEBUG>: PUT chunks/0/69/69636_7_2639872 (req_id: "", err: <nil>, cost: 3.418662ms) [cached_store.go:695]
 <DEBUG>: [META] AttrLoaded {Ino: 1} [base.go:975]
 <DEBUG>: [META] AttrLoaded {Ino: 1} [base.go:975]
 <DEBUG>: [META] Lookup {Name: ndarrays, ParentIno: 1, FoundIno: 6145} [redis.go:777]
 <DEBUG>: [META] AttrLoaded {Ino: 6145} [base.go:975]
 <DEBUG>: [META] AttrLoaded {Ino: 6145} [base.go:975]
 <DEBUG>: [META] AttrLoaded {Ino: 16387} [base.go:975]
 <DEBUG>: [META] AttrLoaded {Ino: 16387} [base.go:975]
 <DEBUG>: [META] AttrLoaded {Ino: 16387} [base.go:975]
 <DEBUG>: PUT chunks/0/69/69637_0_128 (req_id: "", err: <nil>, cost: 155.544µs) [cached_store.go:695]
 <DEBUG>: PUT chunks/0/69/69638_0_4194304 (req_id: "", err: <nil>, cost: 17.922126ms) [cached_store.go:695]
 <DEBUG>: PUT chunks/0/69/69638_1_4194304 (req_id: "", err: <nil>, cost: 12.762254ms) [cached_store.go:695]
 <DEBUG>: PUT chunks/0/69/69638_2_4194304 (req_id: "", err: <nil>, cost: 5.894872ms) [cached_store.go:695]
 <DEBUG>: PUT chunks/0/69/69638_3_4194304 (req_id: "", err: <nil>, cost: 7.059779ms) [cached_store.go:695]
 <DEBUG>: PUT chunks/0/69/69638_4_4194304 (req_id: "", err: <nil>, cost: 8.037915ms) [cached_store.go:695]
 <DEBUG>: PUT chunks/0/69/69638_5_4194304 (req_id: "", err: <nil>, cost: 4.623793ms) [cached_store.go:695]
 <DEBUG>: PUT chunks/0/69/69638_6_4194304 (req_id: "", err: <nil>, cost: 8.727677ms) [cached_store.go:695]
 <DEBUG>: PUT chunks/0/69/69638_7_2639872 (req_id: "", err: <nil>, cost: 3.519274ms) [cached_store.go:695]
 <DEBUG>: [META] AttrLoaded {Ino: 1} [base.go:975]
 <DEBUG>: [META] AttrLoaded {Ino: 1} [base.go:975]
 <DEBUG>: [META] Lookup {Name: ndarrays, ParentIno: 1, FoundIno: 6145} [redis.go:777]
 <DEBUG>: [META] AttrLoaded {Ino: 6145} [base.go:975]
 <DEBUG>: [META] AttrLoaded {Ino: 6145} [base.go:975]
 <DEBUG>: [META] AttrLoaded {Ino: 16388} [base.go:975]
 <DEBUG>: [META] AttrLoaded {Ino: 16388} [base.go:975]
 <DEBUG>: [META] AttrLoaded {Ino: 16388} [base.go:975]
 <DEBUG>: PUT chunks/0/69/69639_0_128 (req_id: "", err: <nil>, cost: 166.36µs) [cached_store.go:695]
 <DEBUG>: PUT chunks/0/69/69640_0_4194304 (req_id: "", err: <nil>, cost: 5.818562ms) [cached_store.go:695]
 <DEBUG>: PUT chunks/0/69/69640_1_4194304 (req_id: "", err: <nil>, cost: 5.363127ms) [cached_store.go:695]
 <DEBUG>: PUT chunks/0/69/69640_2_4194304 (req_id: "", err: <nil>, cost: 6.605851ms) [cached_store.go:695]
 <DEBUG>: PUT chunks/0/69/69640_3_4194304 (req_id: "", err: <nil>, cost: 6.040304ms) [cached_store.go:695]
 <DEBUG>: PUT chunks/0/69/69640_4_4194304 (req_id: "", err: <nil>, cost: 10.72472ms) [cached_store.go:695]
 <DEBUG>: PUT chunks/0/69/69640_5_4194304 (req_id: "", err: <nil>, cost: 10.569034ms) [cached_store.go:695]
 <DEBUG>: PUT chunks/0/69/69640_6_4194304 (req_id: "", err: <nil>, cost: 9.982817ms) [cached_store.go:695]
 <DEBUG>: PUT chunks/0/69/69640_7_2639872 (req_id: "", err: <nil>, cost: 7.367285ms) [cached_store.go:695]
 <DEBUG>: [META] AttrLoaded {Ino: 1} [base.go:975]
 -- Read: np0.npy
 <DEBUG>: [META] AttrLoaded {Ino: 1} [base.go:975]
 <DEBUG>: [META] Lookup {Name: ndarrays, ParentIno: 1, FoundIno: 6145} [redis.go:777]
 <DEBUG>: [META] AttrLoaded {Ino: 6145} [base.go:975]
 <DEBUG>: [META] Lookup {Name: np0.npy, ParentIno: 6145, FoundIno: 16386} [redis.go:777]
 <DEBUG>: [META] AttrLoaded {Ino: 16386} [base.go:975]
 <DEBUG>: [META] AttrLoaded {Ino: 16386} [base.go:975]
 <DEBUG>: [META] AttrLoaded {Ino: 16386} [base.go:975]
 <DEBUG>: [META] AttrLoaded {Ino: 16386} [base.go:975]
 <DEBUG>: [READAHEAD] Readahead {off: 131072, len: 4194304} [reader.go:551]
 <DEBUG>: [READAHEAD] Readahead {off: 4194304, len: 4194304} [reader.go:551]
 <DEBUG>: [META] LoadSlices {Ino: 16386, Chunk_id: 0} [base.go:1501]
 <DEBUG>: [META] CacheLoadedSlices {Ino: 16386, Chunk_id: 0} [base.go:1522]
 <DEBUG>: [META] LoadSlices {Ino: 16386, Chunk_id: 0} [base.go:1501]
 <DEBUG>: [META] CacheLoadedSlices {Ino: 16386, Chunk_id: 0} [base.go:1522]
 <DEBUG>: [META] LoadSlices {Ino: 16386, Chunk_id: 0} [base.go:1501]
 <DEBUG>: [META] CacheLoadedSlices {Ino: 16386, Chunk_id: 0} [base.go:1522]
 <DEBUG>: [OBJECT] GetFromObjectStorage {Key: chunks/0/69/69635_0_128, Ino: } [cached_store.go:735]
 <DEBUG>: GET chunks/0/69/69635_0_128 (req_id: "", err: <nil>, cost: 224.974µs) [cached_store.go:695]
 <DEBUG>: [OBJECT] GetFromObjectStorage {Key: chunks/0/69/69636_0_4194304, Ino: } [cached_store.go:735]
 <DEBUG>: GET chunks/0/69/69636_0_4194304 (req_id: "", err: <nil>, cost: 1.119338ms) [cached_store.go:695]
 <DEBUG>: [OBJECT] GetFromObjectStorage {Key: chunks/0/69/69636_1_4194304, Ino: } [cached_store.go:735]
 <DEBUG>: GET chunks/0/69/69636_1_4194304 (req_id: "", err: <nil>, cost: 1.205268ms) [cached_store.go:695]
 <DEBUG>: [META] AttrLoaded {Ino: 16386} [base.go:975]
 <DEBUG>: [META] AttrLoaded {Ino: 16386} [base.go:975]
 <DEBUG>: [META] AttrLoaded {Ino: 16386} [base.go:975]
 <DEBUG>: [META] AttrLoaded {Ino: 16386} [base.go:975]
 <DEBUG>: [READAHEAD] Readahead {off: 8388608, len: 4194304} [reader.go:551]
 <DEBUG>: [META] CachedSlicesHit {Ino: 16386, Chunk_id: 0} [base.go:1493]
 <DEBUG>: [READAHEAD] Readahead {off: 12582912, len: 4194304} [reader.go:551]
 <DEBUG>: [META] CachedSlicesHit {Ino: 16386, Chunk_id: 0} [base.go:1493]
 <DEBUG>: [OBJECT] PartialGET {Key: chunks/0/69/69636_1_4194304, Range: [boff: 4194176, len: 128], Ino: %!d(<nil>)} [cached_store.go:186]
 <DEBUG>: [OBJECT] PartialGET {Key: chunks/0/69/69636_2_4194304, Range: [boff: 4194176, len: 128], Ino: %!d(<nil>)} [cached_store.go:186]
 <DEBUG>: GET chunks/0/69/69636_2_4194304 RANGE(4194176,128) (req_id: "", err: <nil>, cost: 91.267µs) [cached_store.go:695]
 <DEBUG>: [OBJECT] Prefetch {Key: chunks/0/69/69636_2_4194304, Ino: %!d(<nil>)} [cached_store.go:197]
 <DEBUG>: GET chunks/0/69/69636_1_4194304 RANGE(4194176,128) (req_id: "", err: <nil>, cost: 301.509µs) [cached_store.go:695]
 <DEBUG>: [OBJECT] Prefetch {Key: chunks/0/69/69636_1_4194304, Ino: %!d(<nil>)} [cached_store.go:197]
 <DEBUG>: [OBJECT] GetFromObjectStorage {Key: chunks/0/69/69636_3_4194304, Ino: } [cached_store.go:735]
 <DEBUG>: GET chunks/0/69/69636_3_4194304 (req_id: "", err: <nil>, cost: 727.283µs) [cached_store.go:695]
 <DEBUG>: [OBJECT] GetFromObjectStorage {Key: chunks/0/69/69636_2_4194304, Ino: } [cached_store.go:735]
 <DEBUG>: GET chunks/0/69/69636_2_4194304 (req_id: "", err: <nil>, cost: 1.910751ms) [cached_store.go:695]
 <DEBUG>: [READAHEAD] Readahead {off: 16777216, len: 4194304} [reader.go:551]
 <DEBUG>: [META] CachedSlicesHit {Ino: 16386, Chunk_id: 0} [base.go:1493]
 <DEBUG>: [OBJECT] PartialGET {Key: chunks/0/69/69636_3_4194304, Range: [boff: 4194176, len: 128], Ino: %!d(<nil>)} [cached_store.go:186]
 <DEBUG>: GET chunks/0/69/69636_3_4194304 RANGE(4194176,128) (req_id: "", err: <nil>, cost: 1.390383ms) [cached_store.go:695]
 <DEBUG>: [OBJECT] Prefetch {Key: chunks/0/69/69636_3_4194304, Ino: %!d(<nil>)} [cached_store.go:197]
 <DEBUG>: [OBJECT] GetFromObjectStorage {Key: chunks/0/69/69636_4_4194304, Ino: } [cached_store.go:735]
 <DEBUG>: GET chunks/0/69/69636_4_4194304 (req_id: "", err: <nil>, cost: 1.272332ms) [cached_store.go:695]
 <DEBUG>: [READAHEAD] Readahead {off: 20971520, len: 4194304} [reader.go:551]
 <DEBUG>: [META] CachedSlicesHit {Ino: 16386, Chunk_id: 0} [base.go:1493]
 <DEBUG>: [OBJECT] PartialGET {Key: chunks/0/69/69636_4_4194304, Range: [boff: 4194176, len: 128], Ino: %!d(<nil>)} [cached_store.go:186]
 <DEBUG>: GET chunks/0/69/69636_4_4194304 RANGE(4194176,128) (req_id: "", err: <nil>, cost: 675.084µs) [cached_store.go:695]
 <DEBUG>: [OBJECT] Prefetch {Key: chunks/0/69/69636_4_4194304, Ino: %!d(<nil>)} [cached_store.go:197]
 <DEBUG>: [OBJECT] GetFromObjectStorage {Key: chunks/0/69/69636_5_4194304, Ino: } [cached_store.go:735]
 <DEBUG>: GET chunks/0/69/69636_5_4194304 (req_id: "", err: <nil>, cost: 1.493578ms) [cached_store.go:695]
 <DEBUG>: [READAHEAD] Readahead {off: 25165824, len: 4194304} [reader.go:551]
 <DEBUG>: [META] CachedSlicesHit {Ino: 16386, Chunk_id: 0} [base.go:1493]
 <DEBUG>: [OBJECT] PartialGET {Key: chunks/0/69/69636_5_4194304, Range: [boff: 4194176, len: 128], Ino: %!d(<nil>)} [cached_store.go:186]
 <DEBUG>: GET chunks/0/69/69636_5_4194304 RANGE(4194176,128) (req_id: "", err: <nil>, cost: 404.169µs) [cached_store.go:695]
 <DEBUG>: [OBJECT] Prefetch {Key: chunks/0/69/69636_5_4194304, Ino: %!d(<nil>)} [cached_store.go:197]
 <DEBUG>: [OBJECT] GetFromObjectStorage {Key: chunks/0/69/69636_6_4194304, Ino: } [cached_store.go:735]
 <DEBUG>: GET chunks/0/69/69636_6_4194304 (req_id: "", err: <nil>, cost: 1.06237ms) [cached_store.go:695]
 <DEBUG>: [READAHEAD] Readahead {off: 29360128, len: 4194304} [reader.go:551]
 <DEBUG>: [META] CachedSlicesHit {Ino: 16386, Chunk_id: 0} [base.go:1493]
 <DEBUG>: [OBJECT] PartialGET {Key: chunks/0/69/69636_6_4194304, Range: [boff: 4194176, len: 128], Ino: %!d(<nil>)} [cached_store.go:186]
 <DEBUG>: GET chunks/0/69/69636_6_4194304 RANGE(4194176,128) (req_id: "", err: <nil>, cost: 415.133µs) [cached_store.go:695]
 <DEBUG>: [OBJECT] Prefetch {Key: chunks/0/69/69636_6_4194304, Ino: %!d(<nil>)} [cached_store.go:197]
 <DEBUG>: [OBJECT] GetFromObjectStorage {Key: chunks/0/69/69636_7_2639872, Ino: } [cached_store.go:735]
 <DEBUG>: GET chunks/0/69/69636_7_2639872 (req_id: "", err: <nil>, cost: 1.079269ms) [cached_store.go:695]
 <DEBUG>: [META] AttrLoaded {Ino: 16386} [base.go:975]
 <DEBUG>: [META] AttrLoaded {Ino: 1} [base.go:975]
 -- Read: np1.npy
 <DEBUG>: [META] AttrLoaded {Ino: 1} [base.go:975]
 <DEBUG>: [META] Lookup {Name: ndarrays, ParentIno: 1, FoundIno: 6145} [redis.go:777]
 <DEBUG>: [META] AttrLoaded {Ino: 6145} [base.go:975]
 <DEBUG>: [META] Lookup {Name: np1.npy, ParentIno: 6145, FoundIno: 16387} [redis.go:777]
 <DEBUG>: [META] AttrLoaded {Ino: 16387} [base.go:975]
 <DEBUG>: [META] AttrLoaded {Ino: 16387} [base.go:975]
 <DEBUG>: [META] AttrLoaded {Ino: 16387} [base.go:975]
 <DEBUG>: [META] AttrLoaded {Ino: 16387} [base.go:975]
 <DEBUG>: [READAHEAD] Readahead {off: 131072, len: 4194304} [reader.go:551]
 <DEBUG>: [READAHEAD] Readahead {off: 4194304, len: 4194304} [reader.go:551]
 <DEBUG>: [META] LoadSlices {Ino: 16387, Chunk_id: 0} [base.go:1501]
 <DEBUG>: [META] CacheLoadedSlices {Ino: 16387, Chunk_id: 0} [base.go:1522]
 <DEBUG>: [META] LoadSlices {Ino: 16387, Chunk_id: 0} [base.go:1501]
 <DEBUG>: [META] CacheLoadedSlices {Ino: 16387, Chunk_id: 0} [base.go:1522]
 <DEBUG>: [META] LoadSlices {Ino: 16387, Chunk_id: 0} [base.go:1501]
 <DEBUG>: [META] CacheLoadedSlices {Ino: 16387, Chunk_id: 0} [base.go:1522]
 <DEBUG>: [OBJECT] GetFromObjectStorage {Key: chunks/0/69/69637_0_128, Ino: } [cached_store.go:735]
 <DEBUG>: GET chunks/0/69/69637_0_128 (req_id: "", err: <nil>, cost: 236.099µs) [cached_store.go:695]
 <DEBUG>: [OBJECT] GetFromObjectStorage {Key: chunks/0/69/69638_0_4194304, Ino: } [cached_store.go:735]
 <DEBUG>: GET chunks/0/69/69638_0_4194304 (req_id: "", err: <nil>, cost: 930.229µs) [cached_store.go:695]
 <DEBUG>: [OBJECT] GetFromObjectStorage {Key: chunks/0/69/69638_1_4194304, Ino: } [cached_store.go:735]
 <DEBUG>: GET chunks/0/69/69638_1_4194304 (req_id: "", err: <nil>, cost: 977.112µs) [cached_store.go:695]
 <DEBUG>: [META] AttrLoaded {Ino: 16387} [base.go:975]
 <DEBUG>: [META] AttrLoaded {Ino: 16387} [base.go:975]
 <DEBUG>: [META] AttrLoaded {Ino: 16387} [base.go:975]
 <DEBUG>: [META] AttrLoaded {Ino: 16387} [base.go:975]
 <DEBUG>: [READAHEAD] Readahead {off: 8388608, len: 4194304} [reader.go:551]
 <DEBUG>: [META] CachedSlicesHit {Ino: 16387, Chunk_id: 0} [base.go:1493]
 <DEBUG>: [READAHEAD] Readahead {off: 12582912, len: 4194304} [reader.go:551]
 <DEBUG>: [META] CachedSlicesHit {Ino: 16387, Chunk_id: 0} [base.go:1493]
 <DEBUG>: [OBJECT] PartialGET {Key: chunks/0/69/69638_2_4194304, Range: [boff: 4194176, len: 128], Ino: %!d(<nil>)} [cached_store.go:186]
 <DEBUG>: [OBJECT] PartialGET {Key: chunks/0/69/69638_1_4194304, Range: [boff: 4194176, len: 128], Ino: %!d(<nil>)} [cached_store.go:186]
 <DEBUG>: GET chunks/0/69/69638_2_4194304 RANGE(4194176,128) (req_id: "", err: <nil>, cost: 254.533µs) [cached_store.go:695]
 <DEBUG>: [OBJECT] Prefetch {Key: chunks/0/69/69638_2_4194304, Ino: %!d(<nil>)} [cached_store.go:197]
 <DEBUG>: GET chunks/0/69/69638_1_4194304 RANGE(4194176,128) (req_id: "", err: <nil>, cost: 253.593µs) [cached_store.go:695]
 <DEBUG>: [OBJECT] Prefetch {Key: chunks/0/69/69638_1_4194304, Ino: %!d(<nil>)} [cached_store.go:197]
 <DEBUG>: [OBJECT] GetFromObjectStorage {Key: chunks/0/69/69638_3_4194304, Ino: } [cached_store.go:735]
 <DEBUG>: GET chunks/0/69/69638_3_4194304 (req_id: "", err: <nil>, cost: 942.803µs) [cached_store.go:695]
 <DEBUG>: [OBJECT] GetFromObjectStorage {Key: chunks/0/69/69638_2_4194304, Ino: } [cached_store.go:735]
 <DEBUG>: GET chunks/0/69/69638_2_4194304 (req_id: "", err: <nil>, cost: 969.484µs) [cached_store.go:695]
 <DEBUG>: [READAHEAD] Readahead {off: 16777216, len: 4194304} [reader.go:551]
 <DEBUG>: [META] CachedSlicesHit {Ino: 16387, Chunk_id: 0} [base.go:1493]
 <DEBUG>: [OBJECT] PartialGET {Key: chunks/0/69/69638_3_4194304, Range: [boff: 4194176, len: 128], Ino: %!d(<nil>)} [cached_store.go:186]
 <DEBUG>: GET chunks/0/69/69638_3_4194304 RANGE(4194176,128) (req_id: "", err: <nil>, cost: 241.765µs) [cached_store.go:695]
 <DEBUG>: [OBJECT] Prefetch {Key: chunks/0/69/69638_3_4194304, Ino: %!d(<nil>)} [cached_store.go:197]
 <DEBUG>: [OBJECT] GetFromObjectStorage {Key: chunks/0/69/69638_4_4194304, Ino: } [cached_store.go:735]
 <DEBUG>: GET chunks/0/69/69638_4_4194304 (req_id: "", err: <nil>, cost: 1.299509ms) [cached_store.go:695]
 <DEBUG>: [READAHEAD] Readahead {off: 20971520, len: 4194304} [reader.go:551]
 <DEBUG>: [META] CachedSlicesHit {Ino: 16387, Chunk_id: 0} [base.go:1493]
 <DEBUG>: [OBJECT] PartialGET {Key: chunks/0/69/69638_4_4194304, Range: [boff: 4194176, len: 128], Ino: %!d(<nil>)} [cached_store.go:186]
 <DEBUG>: GET chunks/0/69/69638_4_4194304 RANGE(4194176,128) (req_id: "", err: <nil>, cost: 277.468µs) [cached_store.go:695]
 <DEBUG>: [OBJECT] Prefetch {Key: chunks/0/69/69638_4_4194304, Ino: %!d(<nil>)} [cached_store.go:197]
 <DEBUG>: [OBJECT] GetFromObjectStorage {Key: chunks/0/69/69638_5_4194304, Ino: } [cached_store.go:735]
 <DEBUG>: GET chunks/0/69/69638_5_4194304 (req_id: "", err: <nil>, cost: 1.31871ms) [cached_store.go:695]
 <DEBUG>: [READAHEAD] Readahead {off: 25165824, len: 4194304} [reader.go:551]
 <DEBUG>: [META] CachedSlicesHit {Ino: 16387, Chunk_id: 0} [base.go:1493]
 <DEBUG>: [OBJECT] PartialGET {Key: chunks/0/69/69638_5_4194304, Range: [boff: 4194176, len: 128], Ino: %!d(<nil>)} [cached_store.go:186]
 <DEBUG>: GET chunks/0/69/69638_5_4194304 RANGE(4194176,128) (req_id: "", err: <nil>, cost: 259.966µs) [cached_store.go:695]
 <DEBUG>: [OBJECT] Prefetch {Key: chunks/0/69/69638_5_4194304, Ino: %!d(<nil>)} [cached_store.go:197]
 <DEBUG>: [OBJECT] GetFromObjectStorage {Key: chunks/0/69/69638_6_4194304, Ino: } [cached_store.go:735]
 <DEBUG>: GET chunks/0/69/69638_6_4194304 (req_id: "", err: <nil>, cost: 1.072007ms) [cached_store.go:695]
 <DEBUG>: [READAHEAD] Readahead {off: 29360128, len: 4194304} [reader.go:551]
 <DEBUG>: [META] CachedSlicesHit {Ino: 16387, Chunk_id: 0} [base.go:1493]
 <DEBUG>: [OBJECT] PartialGET {Key: chunks/0/69/69638_6_4194304, Range: [boff: 4194176, len: 128], Ino: %!d(<nil>)} [cached_store.go:186]
 <DEBUG>: GET chunks/0/69/69638_6_4194304 RANGE(4194176,128) (req_id: "", err: <nil>, cost: 309.304µs) [cached_store.go:695]
 <DEBUG>: [OBJECT] Prefetch {Key: chunks/0/69/69638_6_4194304, Ino: %!d(<nil>)} [cached_store.go:197]
 <DEBUG>: [OBJECT] GetFromObjectStorage {Key: chunks/0/69/69638_7_2639872, Ino: } [cached_store.go:735]
 <DEBUG>: GET chunks/0/69/69638_7_2639872 (req_id: "", err: <nil>, cost: 822.322µs) [cached_store.go:695]
 <DEBUG>: [META] AttrLoaded {Ino: 16387} [base.go:975]
 <DEBUG>: [META] AttrLoaded {Ino: 1} [base.go:975]
 -- Read: np2.npy
 <DEBUG>: [META] AttrLoaded {Ino: 1} [base.go:975]
 <DEBUG>: [META] Lookup {Name: ndarrays, ParentIno: 1, FoundIno: 6145} [redis.go:777]
 <DEBUG>: [META] AttrLoaded {Ino: 6145} [base.go:975]
 <DEBUG>: [META] Lookup {Name: np2.npy, ParentIno: 6145, FoundIno: 16388} [redis.go:777]
 <DEBUG>: [META] AttrLoaded {Ino: 16388} [base.go:975]
 <DEBUG>: [META] AttrLoaded {Ino: 16388} [base.go:975]
 <DEBUG>: [META] AttrLoaded {Ino: 16388} [base.go:975]
 <DEBUG>: [META] AttrLoaded {Ino: 16388} [base.go:975]
 <DEBUG>: [READAHEAD] Readahead {off: 131072, len: 4194304} [reader.go:551]
 <DEBUG>: [READAHEAD] Readahead {off: 4194304, len: 4194304} [reader.go:551]
 <DEBUG>: [META] LoadSlices {Ino: 16388, Chunk_id: 0} [base.go:1501]
 <DEBUG>: [META] CacheLoadedSlices {Ino: 16388, Chunk_id: 0} [base.go:1522]
 <DEBUG>: [META] LoadSlices {Ino: 16388, Chunk_id: 0} [base.go:1501]
 <DEBUG>: [META] CacheLoadedSlices {Ino: 16388, Chunk_id: 0} [base.go:1522]
 <DEBUG>: [META] LoadSlices {Ino: 16388, Chunk_id: 0} [base.go:1501]
 <DEBUG>: [META] CacheLoadedSlices {Ino: 16388, Chunk_id: 0} [base.go:1522]
 <DEBUG>: [OBJECT] GetFromObjectStorage {Key: chunks/0/69/69639_0_128, Ino: } [cached_store.go:735]
 <DEBUG>: GET chunks/0/69/69639_0_128 (req_id: "", err: <nil>, cost: 371.454µs) [cached_store.go:695]
 <DEBUG>: [OBJECT] GetFromObjectStorage {Key: chunks/0/69/69640_0_4194304, Ino: } [cached_store.go:735]
 <DEBUG>: GET chunks/0/69/69640_0_4194304 (req_id: "", err: <nil>, cost: 809.343µs) [cached_store.go:695]
 <DEBUG>: [OBJECT] GetFromObjectStorage {Key: chunks/0/69/69640_1_4194304, Ino: } [cached_store.go:735]
 <DEBUG>: GET chunks/0/69/69640_1_4194304 (req_id: "", err: <nil>, cost: 1.126295ms) [cached_store.go:695]
 <DEBUG>: [META] AttrLoaded {Ino: 16388} [base.go:975]
 <DEBUG>: [META] AttrLoaded {Ino: 16388} [base.go:975]
 <DEBUG>: [META] AttrLoaded {Ino: 16388} [base.go:975]
 <DEBUG>: [META] AttrLoaded {Ino: 16388} [base.go:975]
 <DEBUG>: [READAHEAD] Readahead {off: 8388608, len: 4194304} [reader.go:551]
 <DEBUG>: [META] CachedSlicesHit {Ino: 16388, Chunk_id: 0} [base.go:1493]
 <DEBUG>: [READAHEAD] Readahead {off: 12582912, len: 4194304} [reader.go:551]
 <DEBUG>: [META] CachedSlicesHit {Ino: 16388, Chunk_id: 0} [base.go:1493]
 <DEBUG>: [OBJECT] PartialGET {Key: chunks/0/69/69640_1_4194304, Range: [boff: 4194176, len: 128], Ino: %!d(<nil>)} [cached_store.go:186]
 <DEBUG>: GET chunks/0/69/69640_1_4194304 RANGE(4194176,128) (req_id: "", err: <nil>, cost: 174.999µs) [cached_store.go:695]
 <DEBUG>: [OBJECT] Prefetch {Key: chunks/0/69/69640_1_4194304, Ino: %!d(<nil>)} [cached_store.go:197]
 <DEBUG>: [OBJECT] PartialGET {Key: chunks/0/69/69640_2_4194304, Range: [boff: 4194176, len: 128], Ino: %!d(<nil>)} [cached_store.go:186]
 <DEBUG>: GET chunks/0/69/69640_2_4194304 RANGE(4194176,128) (req_id: "", err: <nil>, cost: 351.854µs) [cached_store.go:695]
 <DEBUG>: [OBJECT] Prefetch {Key: chunks/0/69/69640_2_4194304, Ino: %!d(<nil>)} [cached_store.go:197]
 <DEBUG>: [OBJECT] GetFromObjectStorage {Key: chunks/0/69/69640_2_4194304, Ino: } [cached_store.go:735]
 <DEBUG>: GET chunks/0/69/69640_2_4194304 (req_id: "", err: <nil>, cost: 758.513µs) [cached_store.go:695]
 <DEBUG>: [OBJECT] GetFromObjectStorage {Key: chunks/0/69/69640_3_4194304, Ino: } [cached_store.go:735]
 <DEBUG>: GET chunks/0/69/69640_3_4194304 (req_id: "", err: <nil>, cost: 823.36µs) [cached_store.go:695]
 <DEBUG>: [READAHEAD] Readahead {off: 16777216, len: 4194304} [reader.go:551]
 <DEBUG>: [META] CachedSlicesHit {Ino: 16388, Chunk_id: 0} [base.go:1493]
 <DEBUG>: [OBJECT] PartialGET {Key: chunks/0/69/69640_3_4194304, Range: [boff: 4194176, len: 128], Ino: %!d(<nil>)} [cached_store.go:186]
 <DEBUG>: GET chunks/0/69/69640_3_4194304 RANGE(4194176,128) (req_id: "", err: <nil>, cost: 229.195µs) [cached_store.go:695]
 <DEBUG>: [OBJECT] Prefetch {Key: chunks/0/69/69640_3_4194304, Ino: %!d(<nil>)} [cached_store.go:197]
 <DEBUG>: [OBJECT] GetFromObjectStorage {Key: chunks/0/69/69640_4_4194304, Ino: } [cached_store.go:735]
 <DEBUG>: GET chunks/0/69/69640_4_4194304 (req_id: "", err: <nil>, cost: 841.473µs) [cached_store.go:695]
 <DEBUG>: [READAHEAD] Readahead {off: 20971520, len: 4194304} [reader.go:551]
 <DEBUG>: [META] CachedSlicesHit {Ino: 16388, Chunk_id: 0} [base.go:1493]
 <DEBUG>: [OBJECT] PartialGET {Key: chunks/0/69/69640_4_4194304, Range: [boff: 4194176, len: 128], Ino: %!d(<nil>)} [cached_store.go:186]
 <DEBUG>: GET chunks/0/69/69640_4_4194304 RANGE(4194176,128) (req_id: "", err: <nil>, cost: 196.553µs) [cached_store.go:695]
 <DEBUG>: [OBJECT] Prefetch {Key: chunks/0/69/69640_4_4194304, Ino: %!d(<nil>)} [cached_store.go:197]
 <DEBUG>: [OBJECT] GetFromObjectStorage {Key: chunks/0/69/69640_5_4194304, Ino: } [cached_store.go:735]
 <DEBUG>: GET chunks/0/69/69640_5_4194304 (req_id: "", err: <nil>, cost: 878.205µs) [cached_store.go:695]
 <DEBUG>: [READAHEAD] Readahead {off: 25165824, len: 4194304} [reader.go:551]
 <DEBUG>: [META] CachedSlicesHit {Ino: 16388, Chunk_id: 0} [base.go:1493]
 <DEBUG>: [OBJECT] PartialGET {Key: chunks/0/69/69640_5_4194304, Range: [boff: 4194176, len: 128], Ino: %!d(<nil>)} [cached_store.go:186]
 <DEBUG>: GET chunks/0/69/69640_5_4194304 RANGE(4194176,128) (req_id: "", err: <nil>, cost: 265.591µs) [cached_store.go:695]
 <DEBUG>: [OBJECT] Prefetch {Key: chunks/0/69/69640_5_4194304, Ino: %!d(<nil>)} [cached_store.go:197]
 <DEBUG>: [OBJECT] GetFromObjectStorage {Key: chunks/0/69/69640_6_4194304, Ino: } [cached_store.go:735]
 <DEBUG>: GET chunks/0/69/69640_6_4194304 (req_id: "", err: <nil>, cost: 979.281µs) [cached_store.go:695]
 <DEBUG>: [READAHEAD] Readahead {off: 29360128, len: 4194304} [reader.go:551]
 <DEBUG>: [META] CachedSlicesHit {Ino: 16388, Chunk_id: 0} [base.go:1493]
 <DEBUG>: [OBJECT] PartialGET {Key: chunks/0/69/69640_6_4194304, Range: [boff: 4194176, len: 128], Ino: %!d(<nil>)} [cached_store.go:186]
 <DEBUG>: GET chunks/0/69/69640_6_4194304 RANGE(4194176,128) (req_id: "", err: <nil>, cost: 266.929µs) [cached_store.go:695]
 <DEBUG>: [OBJECT] Prefetch {Key: chunks/0/69/69640_6_4194304, Ino: %!d(<nil>)} [cached_store.go:197]
 <DEBUG>: [OBJECT] GetFromObjectStorage {Key: chunks/0/69/69640_7_2639872, Ino: } [cached_store.go:735]
 <DEBUG>: GET chunks/0/69/69640_7_2639872 (req_id: "", err: <nil>, cost: 637.878µs) [cached_store.go:695]
 <DEBUG>: [META] AttrLoaded {Ino: 16388} [base.go:975]
 <DEBUG>: [META] AttrLoaded {Ino: 1} [base.go:975]
 -- Read: np0.npy
 <DEBUG>: [META] AttrLoaded {Ino: 1} [base.go:975]
 <DEBUG>: [META] Lookup {Name: ndarrays, ParentIno: 1, FoundIno: 6145} [redis.go:777]
 <DEBUG>: [META] AttrLoaded {Ino: 6145} [base.go:975]
 <DEBUG>: [META] Lookup {Name: np0.npy, ParentIno: 6145, FoundIno: 16386} [redis.go:777]
 <DEBUG>: [META] AttrLoaded {Ino: 16386} [base.go:975]
 <DEBUG>: [META] AttrLoaded {Ino: 16386} [base.go:975]
 <DEBUG>: [META] AttrLoaded {Ino: 16386} [base.go:975]
 <DEBUG>: [META] AttrLoaded {Ino: 16386} [base.go:975]
 <DEBUG>: [READAHEAD] Readahead {off: 131072, len: 4194304} [reader.go:551]
 <DEBUG>: [READAHEAD] Readahead {off: 4194304, len: 4194304} [reader.go:551]
 <DEBUG>: [META] LoadSlices {Ino: 16386, Chunk_id: 0} [base.go:1501]
 <DEBUG>: [META] CacheLoadedSlices {Ino: 16386, Chunk_id: 0} [base.go:1522]
 <DEBUG>: [META] LoadSlices {Ino: 16386, Chunk_id: 0} [base.go:1501]
 <DEBUG>: [META] CacheLoadedSlices {Ino: 16386, Chunk_id: 0} [base.go:1522]
 <DEBUG>: [META] LoadSlices {Ino: 16386, Chunk_id: 0} [base.go:1501]
 <DEBUG>: [META] CacheLoadedSlices {Ino: 16386, Chunk_id: 0} [base.go:1522]
 <DEBUG>: [OBJECT] GetFromObjectStorage {Key: chunks/0/69/69635_0_128, Ino: } [cached_store.go:735]
 <DEBUG>: GET chunks/0/69/69635_0_128 (req_id: "", err: <nil>, cost: 184.449µs) [cached_store.go:695]
 <DEBUG>: [OBJECT] GetFromObjectStorage {Key: chunks/0/69/69636_0_4194304, Ino: } [cached_store.go:735]
 <DEBUG>: GET chunks/0/69/69636_0_4194304 (req_id: "", err: <nil>, cost: 1.890632ms) [cached_store.go:695]
 <DEBUG>: [META] AttrLoaded {Ino: 16386} [base.go:975]
 <DEBUG>: [META] AttrLoaded {Ino: 16386} [base.go:975]
 <DEBUG>: [META] AttrLoaded {Ino: 16386} [base.go:975]
 <DEBUG>: [META] AttrLoaded {Ino: 16386} [base.go:975]
 <DEBUG>: [OBJECT] GetFromObjectStorage {Key: chunks/0/69/69636_1_4194304, Ino: } [cached_store.go:735]
 <DEBUG>: GET chunks/0/69/69636_1_4194304 (req_id: "", err: <nil>, cost: 3.820387ms) [cached_store.go:695]
 <DEBUG>: [READAHEAD] Readahead {off: 8388608, len: 4194304} [reader.go:551]
 <DEBUG>: [META] CachedSlicesHit {Ino: 16386, Chunk_id: 0} [base.go:1493]
 <DEBUG>: [READAHEAD] Readahead {off: 12582912, len: 4194304} [reader.go:551]
 <DEBUG>: [META] CachedSlicesHit {Ino: 16386, Chunk_id: 0} [base.go:1493]
 <DEBUG>: [OBJECT] PartialGET {Key: chunks/0/69/69636_2_4194304, Range: [boff: 4194176, len: 128], Ino: %!d(<nil>)} [cached_store.go:186]
 <DEBUG>: [OBJECT] PartialGET {Key: chunks/0/69/69636_1_4194304, Range: [boff: 4194176, len: 128], Ino: %!d(<nil>)} [cached_store.go:186]
 <DEBUG>: GET chunks/0/69/69636_2_4194304 RANGE(4194176,128) (req_id: "", err: <nil>, cost: 248.019µs) [cached_store.go:695]
 <DEBUG>: [OBJECT] Prefetch {Key: chunks/0/69/69636_2_4194304, Ino: %!d(<nil>)} [cached_store.go:197]
 <DEBUG>: GET chunks/0/69/69636_1_4194304 RANGE(4194176,128) (req_id: "", err: <nil>, cost: 370.65µs) [cached_store.go:695]
 <DEBUG>: [OBJECT] Prefetch {Key: chunks/0/69/69636_1_4194304, Ino: %!d(<nil>)} [cached_store.go:197]
 <DEBUG>: [OBJECT] GetFromObjectStorage {Key: chunks/0/69/69636_3_4194304, Ino: } [cached_store.go:735]
 <DEBUG>: GET chunks/0/69/69636_3_4194304 (req_id: "", err: <nil>, cost: 1.308046ms) [cached_store.go:695]
 <DEBUG>: [OBJECT] GetFromObjectStorage {Key: chunks/0/69/69636_2_4194304, Ino: } [cached_store.go:735]
 <DEBUG>: GET chunks/0/69/69636_2_4194304 (req_id: "", err: <nil>, cost: 2.515552ms) [cached_store.go:695]
 <DEBUG>: [READAHEAD] Readahead {off: 16777216, len: 4194304} [reader.go:551]
 <DEBUG>: [META] CachedSlicesHit {Ino: 16386, Chunk_id: 0} [base.go:1493]
 <DEBUG>: [OBJECT] PartialGET {Key: chunks/0/69/69636_3_4194304, Range: [boff: 4194176, len: 128], Ino: %!d(<nil>)} [cached_store.go:186]
 <DEBUG>: GET chunks/0/69/69636_3_4194304 RANGE(4194176,128) (req_id: "", err: <nil>, cost: 302.65µs) [cached_store.go:695]
 <DEBUG>: [OBJECT] Prefetch {Key: chunks/0/69/69636_3_4194304, Ino: %!d(<nil>)} [cached_store.go:197]
 <DEBUG>: [OBJECT] GetFromObjectStorage {Key: chunks/0/69/69636_4_4194304, Ino: } [cached_store.go:735]
 <DEBUG>: GET chunks/0/69/69636_4_4194304 (req_id: "", err: <nil>, cost: 1.494505ms) [cached_store.go:695]
 <DEBUG>: [READAHEAD] Readahead {off: 20971520, len: 4194304} [reader.go:551]
 <DEBUG>: [META] CachedSlicesHit {Ino: 16386, Chunk_id: 0} [base.go:1493]
 <DEBUG>: [OBJECT] PartialGET {Key: chunks/0/69/69636_4_4194304, Range: [boff: 4194176, len: 128], Ino: %!d(<nil>)} [cached_store.go:186]
 <DEBUG>: GET chunks/0/69/69636_4_4194304 RANGE(4194176,128) (req_id: "", err: <nil>, cost: 465.105µs) [cached_store.go:695]
 <DEBUG>: [OBJECT] Prefetch {Key: chunks/0/69/69636_4_4194304, Ino: %!d(<nil>)} [cached_store.go:197]
 <DEBUG>: [OBJECT] GetFromObjectStorage {Key: chunks/0/69/69636_5_4194304, Ino: } [cached_store.go:735]
 <DEBUG>: GET chunks/0/69/69636_5_4194304 (req_id: "", err: <nil>, cost: 1.67288ms) [cached_store.go:695]
 <DEBUG>: [READAHEAD] Readahead {off: 25165824, len: 4194304} [reader.go:551]
 <DEBUG>: [META] CachedSlicesHit {Ino: 16386, Chunk_id: 0} [base.go:1493]
 <DEBUG>: [OBJECT] PartialGET {Key: chunks/0/69/69636_5_4194304, Range: [boff: 4194176, len: 128], Ino: %!d(<nil>)} [cached_store.go:186]
 <DEBUG>: GET chunks/0/69/69636_5_4194304 RANGE(4194176,128) (req_id: "", err: <nil>, cost: 264.634µs) [cached_store.go:695]
 <DEBUG>: [OBJECT] Prefetch {Key: chunks/0/69/69636_5_4194304, Ino: %!d(<nil>)} [cached_store.go:197]
 <DEBUG>: [OBJECT] GetFromObjectStorage {Key: chunks/0/69/69636_6_4194304, Ino: } [cached_store.go:735]
 <DEBUG>: GET chunks/0/69/69636_6_4194304 (req_id: "", err: <nil>, cost: 1.299398ms) [cached_store.go:695]
 <DEBUG>: [READAHEAD] Readahead {off: 29360128, len: 4194304} [reader.go:551]
 <DEBUG>: [META] CachedSlicesHit {Ino: 16386, Chunk_id: 0} [base.go:1493]
 <DEBUG>: [OBJECT] PartialGET {Key: chunks/0/69/69636_6_4194304, Range: [boff: 4194176, len: 128], Ino: %!d(<nil>)} [cached_store.go:186]
 <DEBUG>: GET chunks/0/69/69636_6_4194304 RANGE(4194176,128) (req_id: "", err: <nil>, cost: 624.162µs) [cached_store.go:695]
 <DEBUG>: [OBJECT] Prefetch {Key: chunks/0/69/69636_6_4194304, Ino: %!d(<nil>)} [cached_store.go:197]
 <DEBUG>: [OBJECT] GetFromObjectStorage {Key: chunks/0/69/69636_7_2639872, Ino: } [cached_store.go:735]
 <DEBUG>: GET chunks/0/69/69636_7_2639872 (req_id: "", err: <nil>, cost: 1.018473ms) [cached_store.go:695]
 <DEBUG>: [META] AttrLoaded {Ino: 16386} [base.go:975]
 <DEBUG>: [META] AttrLoaded {Ino: 1} [base.go:975]
 -- Read: debug.npy
 <DEBUG>: [META] AttrLoaded {Ino: 1} [base.go:975]
 <DEBUG>: [META] Lookup {Name: ndarrays, ParentIno: 1, FoundIno: 6145} [redis.go:777]
 <DEBUG>: [META] AttrLoaded {Ino: 6145} [base.go:975]
 <DEBUG>: [META] Lookup {Name: debug.npy, ParentIno: 6145, FoundIno: 16385} [redis.go:777]
 <DEBUG>: [META] AttrLoaded {Ino: 16385} [base.go:975]
 <DEBUG>: [META] AttrLoaded {Ino: 16385} [base.go:975]
 <DEBUG>: [META] AttrLoaded {Ino: 16385} [base.go:975]
 <DEBUG>: [META] AttrLoaded {Ino: 16385} [base.go:975]
 <DEBUG>: [READAHEAD] Readahead {off: 131072, len: 4194304} [reader.go:551]
 <DEBUG>: [READAHEAD] Readahead {off: 4194304, len: 4194304} [reader.go:551]
 <DEBUG>: [META] LoadSlices {Ino: 16385, Chunk_id: 0} [base.go:1501]
 <DEBUG>: [META] CacheLoadedSlices {Ino: 16385, Chunk_id: 0} [base.go:1522]
 <DEBUG>: [META] LoadSlices {Ino: 16385, Chunk_id: 0} [base.go:1501]
 <DEBUG>: [META] CacheLoadedSlices {Ino: 16385, Chunk_id: 0} [base.go:1522]
 <DEBUG>: [META] LoadSlices {Ino: 16385, Chunk_id: 0} [base.go:1501]
 <DEBUG>: [META] CacheLoadedSlices {Ino: 16385, Chunk_id: 0} [base.go:1522]
 <DEBUG>: [OBJECT] GetFromObjectStorage {Key: chunks/0/69/69633_0_128, Ino: } [cached_store.go:735]
 <DEBUG>: GET chunks/0/69/69633_0_128 (req_id: "", err: <nil>, cost: 150.52µs) [cached_store.go:695]
 <DEBUG>: [OBJECT] GetFromObjectStorage {Key: chunks/0/69/69634_0_4194304, Ino: } [cached_store.go:735]
 <DEBUG>: GET chunks/0/69/69634_0_4194304 (req_id: "", err: <nil>, cost: 1.15928ms) [cached_store.go:695]
 <DEBUG>: [META] AttrLoaded {Ino: 16385} [base.go:975]
 <DEBUG>: [META] AttrLoaded {Ino: 16385} [base.go:975]
 <DEBUG>: [META] AttrLoaded {Ino: 16385} [base.go:975]
 <DEBUG>: [META] AttrLoaded {Ino: 16385} [base.go:975]
 <DEBUG>: [OBJECT] GetFromObjectStorage {Key: chunks/0/69/69634_1_4194304, Ino: } [cached_store.go:735]
 <DEBUG>: GET chunks/0/69/69634_1_4194304 (req_id: "", err: <nil>, cost: 2.896813ms) [cached_store.go:695]
 <DEBUG>: [READAHEAD] Readahead {off: 8388608, len: 4194304} [reader.go:551]
 <DEBUG>: [META] CachedSlicesHit {Ino: 16385, Chunk_id: 0} [base.go:1493]
 <DEBUG>: [READAHEAD] Readahead {off: 12582912, len: 4194304} [reader.go:551]
 <DEBUG>: [META] CachedSlicesHit {Ino: 16385, Chunk_id: 0} [base.go:1493]
 <DEBUG>: [OBJECT] PartialGET {Key: chunks/0/69/69634_2_4194304, Range: [boff: 4194176, len: 128], Ino: %!d(<nil>)} [cached_store.go:186]
 <DEBUG>: GET chunks/0/69/69634_2_4194304 RANGE(4194176,128) (req_id: "", err: <nil>, cost: 165.778µs) [cached_store.go:695]
 <DEBUG>: [OBJECT] Prefetch {Key: chunks/0/69/69634_2_4194304, Ino: %!d(<nil>)} [cached_store.go:197]
 <DEBUG>: [OBJECT] PartialGET {Key: chunks/0/69/69634_1_4194304, Range: [boff: 4194176, len: 128], Ino: %!d(<nil>)} [cached_store.go:186]
 <DEBUG>: GET chunks/0/69/69634_1_4194304 RANGE(4194176,128) (req_id: "", err: <nil>, cost: 465.189µs) [cached_store.go:695]
 <DEBUG>: [OBJECT] Prefetch {Key: chunks/0/69/69634_1_4194304, Ino: %!d(<nil>)} [cached_store.go:197]
 <DEBUG>: [OBJECT] GetFromObjectStorage {Key: chunks/0/69/69634_3_4194304, Ino: } [cached_store.go:735]
 <DEBUG>: GET chunks/0/69/69634_3_4194304 (req_id: "", err: <nil>, cost: 1.258037ms) [cached_store.go:695]
 <DEBUG>: [OBJECT] GetFromObjectStorage {Key: chunks/0/69/69634_2_4194304, Ino: } [cached_store.go:735]
 <DEBUG>: GET chunks/0/69/69634_2_4194304 (req_id: "", err: <nil>, cost: 1.1275ms) [cached_store.go:695]
 <DEBUG>: [READAHEAD] Readahead {off: 16777216, len: 4194304} [reader.go:551]
 <DEBUG>: [META] CachedSlicesHit {Ino: 16385, Chunk_id: 0} [base.go:1493]
 <DEBUG>: [OBJECT] PartialGET {Key: chunks/0/69/69634_3_4194304, Range: [boff: 4194176, len: 128], Ino: %!d(<nil>)} [cached_store.go:186]
 <DEBUG>: GET chunks/0/69/69634_3_4194304 RANGE(4194176,128) (req_id: "", err: <nil>, cost: 305.722µs) [cached_store.go:695]
 <DEBUG>: [OBJECT] Prefetch {Key: chunks/0/69/69634_3_4194304, Ino: %!d(<nil>)} [cached_store.go:197]
 <DEBUG>: [OBJECT] GetFromObjectStorage {Key: chunks/0/69/69634_4_4194304, Ino: } [cached_store.go:735]
 <DEBUG>: GET chunks/0/69/69634_4_4194304 (req_id: "", err: <nil>, cost: 1.799773ms) [cached_store.go:695]
 <DEBUG>: [READAHEAD] Readahead {off: 20971520, len: 4194304} [reader.go:551]
 <DEBUG>: [META] CachedSlicesHit {Ino: 16385, Chunk_id: 0} [base.go:1493]
 <DEBUG>: [OBJECT] PartialGET {Key: chunks/0/69/69634_4_4194304, Range: [boff: 4194176, len: 128], Ino: %!d(<nil>)} [cached_store.go:186]
 <DEBUG>: GET chunks/0/69/69634_4_4194304 RANGE(4194176,128) (req_id: "", err: <nil>, cost: 255.412µs) [cached_store.go:695]
 <DEBUG>: [OBJECT] Prefetch {Key: chunks/0/69/69634_4_4194304, Ino: %!d(<nil>)} [cached_store.go:197]
 <DEBUG>: [OBJECT] GetFromObjectStorage {Key: chunks/0/69/69634_5_4194304, Ino: } [cached_store.go:735]
 <DEBUG>: GET chunks/0/69/69634_5_4194304 (req_id: "", err: <nil>, cost: 1.108082ms) [cached_store.go:695]
 <DEBUG>: [READAHEAD] Readahead {off: 25165824, len: 4194304} [reader.go:551]
 <DEBUG>: [META] CachedSlicesHit {Ino: 16385, Chunk_id: 0} [base.go:1493]
 <DEBUG>: [OBJECT] PartialGET {Key: chunks/0/69/69634_5_4194304, Range: [boff: 4194176, len: 128], Ino: %!d(<nil>)} [cached_store.go:186]
 <DEBUG>: GET chunks/0/69/69634_5_4194304 RANGE(4194176,128) (req_id: "", err: <nil>, cost: 298.763µs) [cached_store.go:695]
 <DEBUG>: [OBJECT] Prefetch {Key: chunks/0/69/69634_5_4194304, Ino: %!d(<nil>)} [cached_store.go:197]
 <DEBUG>: [READAHEAD] Readahead {off: 29360128, len: 4194304} [reader.go:551]
 <DEBUG>: [OBJECT] GetFromObjectStorage {Key: chunks/0/69/69634_6_4194304, Ino: } [cached_store.go:735]
 <DEBUG>: GET chunks/0/69/69634_6_4194304 (req_id: "", err: <nil>, cost: 1.671952ms) [cached_store.go:695]
 <DEBUG>: [META] CachedSlicesHit {Ino: 16385, Chunk_id: 0} [base.go:1493]
 <DEBUG>: [OBJECT] PartialGET {Key: chunks/0/69/69634_6_4194304, Range: [boff: 4194176, len: 128], Ino: %!d(<nil>)} [cached_store.go:186]
 <DEBUG>: GET chunks/0/69/69634_6_4194304 RANGE(4194176,128) (req_id: "", err: <nil>, cost: 284.022µs) [cached_store.go:695]
 <DEBUG>: [OBJECT] Prefetch {Key: chunks/0/69/69634_6_4194304, Ino: %!d(<nil>)} [cached_store.go:197]
 <DEBUG>: [OBJECT] GetFromObjectStorage {Key: chunks/0/69/69634_7_2639872, Ino: } [cached_store.go:735]
 <DEBUG>: GET chunks/0/69/69634_7_2639872 (req_id: "", err: <nil>, cost: 1.238864ms) [cached_store.go:695]
 <DEBUG>: [META] AttrLoaded {Ino: 16385} [base.go:975]
 <DEBUG>: [META] AttrLoaded {Ino: 1} [base.go:975]
 -- Read: np1.npy
 <DEBUG>: [META] AttrLoaded {Ino: 1} [base.go:975]
 <DEBUG>: [META] Lookup {Name: ndarrays, ParentIno: 1, FoundIno: 6145} [redis.go:777]
 <DEBUG>: [META] AttrLoaded {Ino: 6145} [base.go:975]
 <DEBUG>: [META] Lookup {Name: np1.npy, ParentIno: 6145, FoundIno: 16387} [redis.go:777]
 <DEBUG>: [META] AttrLoaded {Ino: 16387} [base.go:975]
 <DEBUG>: [META] AttrLoaded {Ino: 16387} [base.go:975]
 <DEBUG>: [META] AttrLoaded {Ino: 16387} [base.go:975]
 <DEBUG>: [META] AttrLoaded {Ino: 16387} [base.go:975]
 <DEBUG>: [READAHEAD] Readahead {off: 131072, len: 4194304} [reader.go:551]
 <DEBUG>: [READAHEAD] Readahead {off: 4194304, len: 4194304} [reader.go:551]
 <DEBUG>: [META] LoadSlices {Ino: 16387, Chunk_id: 0} [base.go:1501]
 <DEBUG>: [META] CacheLoadedSlices {Ino: 16387, Chunk_id: 0} [base.go:1522]
 <DEBUG>: [META] LoadSlices {Ino: 16387, Chunk_id: 0} [base.go:1501]
 <DEBUG>: [META] CacheLoadedSlices {Ino: 16387, Chunk_id: 0} [base.go:1522]
 <DEBUG>: [META] LoadSlices {Ino: 16387, Chunk_id: 0} [base.go:1501]
 <DEBUG>: [META] CacheLoadedSlices {Ino: 16387, Chunk_id: 0} [base.go:1522]
 <DEBUG>: [OBJECT] GetFromObjectStorage {Key: chunks/0/69/69637_0_128, Ino: } [cached_store.go:735]
 <DEBUG>: GET chunks/0/69/69637_0_128 (req_id: "", err: <nil>, cost: 114.321µs) [cached_store.go:695]
 <DEBUG>: [OBJECT] GetFromObjectStorage {Key: chunks/0/69/69638_0_4194304, Ino: } [cached_store.go:735]
 <DEBUG>: GET chunks/0/69/69638_0_4194304 (req_id: "", err: <nil>, cost: 856.993µs) [cached_store.go:695]
 <DEBUG>: [META] AttrLoaded {Ino: 16387} [base.go:975]
 <DEBUG>: [META] AttrLoaded {Ino: 16387} [base.go:975]
 <DEBUG>: [META] AttrLoaded {Ino: 16387} [base.go:975]
 <DEBUG>: [META] AttrLoaded {Ino: 16387} [base.go:975]
 <DEBUG>: [OBJECT] GetFromObjectStorage {Key: chunks/0/69/69638_1_4194304, Ino: } [cached_store.go:735]
 <DEBUG>: GET chunks/0/69/69638_1_4194304 (req_id: "", err: <nil>, cost: 7.982827ms) [cached_store.go:695]
 <DEBUG>: [READAHEAD] Readahead {off: 8388608, len: 4194304} [reader.go:551]
 <DEBUG>: [META] CachedSlicesHit {Ino: 16387, Chunk_id: 0} [base.go:1493]
 <DEBUG>: [READAHEAD] Readahead {off: 12582912, len: 4194304} [reader.go:551]
 <DEBUG>: [META] CachedSlicesHit {Ino: 16387, Chunk_id: 0} [base.go:1493]
 <DEBUG>: [OBJECT] PartialGET {Key: chunks/0/69/69638_2_4194304, Range: [boff: 4194176, len: 128], Ino: %!d(<nil>)} [cached_store.go:186]
 <DEBUG>: [OBJECT] PartialGET {Key: chunks/0/69/69638_1_4194304, Range: [boff: 4194176, len: 128], Ino: %!d(<nil>)} [cached_store.go:186]
 <DEBUG>: GET chunks/0/69/69638_2_4194304 RANGE(4194176,128) (req_id: "", err: <nil>, cost: 204.667µs) [cached_store.go:695]
 <DEBUG>: [OBJECT] Prefetch {Key: chunks/0/69/69638_2_4194304, Ino: %!d(<nil>)} [cached_store.go:197]
 <DEBUG>: GET chunks/0/69/69638_1_4194304 RANGE(4194176,128) (req_id: "", err: <nil>, cost: 300.308µs) [cached_store.go:695]
 <DEBUG>: [OBJECT] Prefetch {Key: chunks/0/69/69638_1_4194304, Ino: %!d(<nil>)} [cached_store.go:197]
 <DEBUG>: [OBJECT] GetFromObjectStorage {Key: chunks/0/69/69638_3_4194304, Ino: } [cached_store.go:735]
 <DEBUG>: GET chunks/0/69/69638_3_4194304 (req_id: "", err: <nil>, cost: 1.205675ms) [cached_store.go:695]
 <DEBUG>: [OBJECT] GetFromObjectStorage {Key: chunks/0/69/69638_2_4194304, Ino: } [cached_store.go:735]
 <DEBUG>: GET chunks/0/69/69638_2_4194304 (req_id: "", err: <nil>, cost: 990.148µs) [cached_store.go:695]
 <DEBUG>: [READAHEAD] Readahead {off: 16777216, len: 4194304} [reader.go:551]
 <DEBUG>: [META] CachedSlicesHit {Ino: 16387, Chunk_id: 0} [base.go:1493]
 <DEBUG>: [OBJECT] PartialGET {Key: chunks/0/69/69638_3_4194304, Range: [boff: 4194176, len: 128], Ino: %!d(<nil>)} [cached_store.go:186]
 <DEBUG>: GET chunks/0/69/69638_3_4194304 RANGE(4194176,128) (req_id: "", err: <nil>, cost: 435.656µs) [cached_store.go:695]
 <DEBUG>: [OBJECT] Prefetch {Key: chunks/0/69/69638_3_4194304, Ino: %!d(<nil>)} [cached_store.go:197]
 <DEBUG>: [READAHEAD] Readahead {off: 20971520, len: 4194304} [reader.go:551]
 <DEBUG>: [OBJECT] GetFromObjectStorage {Key: chunks/0/69/69638_4_4194304, Ino: } [cached_store.go:735]
 <DEBUG>: GET chunks/0/69/69638_4_4194304 (req_id: "", err: <nil>, cost: 1.816465ms) [cached_store.go:695]
 <DEBUG>: [META] CachedSlicesHit {Ino: 16387, Chunk_id: 0} [base.go:1493]
 <DEBUG>: [OBJECT] PartialGET {Key: chunks/0/69/69638_4_4194304, Range: [boff: 4194176, len: 128], Ino: %!d(<nil>)} [cached_store.go:186]
 <DEBUG>: GET chunks/0/69/69638_4_4194304 RANGE(4194176,128) (req_id: "", err: <nil>, cost: 247.213µs) [cached_store.go:695]
 <DEBUG>: [OBJECT] Prefetch {Key: chunks/0/69/69638_4_4194304, Ino: %!d(<nil>)} [cached_store.go:197]
 <DEBUG>: [OBJECT] GetFromObjectStorage {Key: chunks/0/69/69638_5_4194304, Ino: } [cached_store.go:735]
 <DEBUG>: GET chunks/0/69/69638_5_4194304 (req_id: "", err: <nil>, cost: 966.762µs) [cached_store.go:695]
 <DEBUG>: [READAHEAD] Readahead {off: 25165824, len: 4194304} [reader.go:551]
 <DEBUG>: [META] CachedSlicesHit {Ino: 16387, Chunk_id: 0} [base.go:1493]
 <DEBUG>: [OBJECT] PartialGET {Key: chunks/0/69/69638_5_4194304, Range: [boff: 4194176, len: 128], Ino: %!d(<nil>)} [cached_store.go:186]
 <DEBUG>: GET chunks/0/69/69638_5_4194304 RANGE(4194176,128) (req_id: "", err: <nil>, cost: 281.118µs) [cached_store.go:695]
 <DEBUG>: [OBJECT] Prefetch {Key: chunks/0/69/69638_5_4194304, Ino: %!d(<nil>)} [cached_store.go:197]
 <DEBUG>: [OBJECT] GetFromObjectStorage {Key: chunks/0/69/69638_6_4194304, Ino: } [cached_store.go:735]
 <DEBUG>: GET chunks/0/69/69638_6_4194304 (req_id: "", err: <nil>, cost: 1.283653ms) [cached_store.go:695]
 <DEBUG>: [READAHEAD] Readahead {off: 29360128, len: 4194304} [reader.go:551]
 <DEBUG>: [META] CachedSlicesHit {Ino: 16387, Chunk_id: 0} [base.go:1493]
 <DEBUG>: [OBJECT] PartialGET {Key: chunks/0/69/69638_6_4194304, Range: [boff: 4194176, len: 128], Ino: %!d(<nil>)} [cached_store.go:186]
 <DEBUG>: GET chunks/0/69/69638_6_4194304 RANGE(4194176,128) (req_id: "", err: <nil>, cost: 584.979µs) [cached_store.go:695]
 <DEBUG>: [OBJECT] Prefetch {Key: chunks/0/69/69638_6_4194304, Ino: %!d(<nil>)} [cached_store.go:197]
 <DEBUG>: [OBJECT] GetFromObjectStorage {Key: chunks/0/69/69638_7_2639872, Ino: } [cached_store.go:735]
 <DEBUG>: GET chunks/0/69/69638_7_2639872 (req_id: "", err: <nil>, cost: 865.456µs) [cached_store.go:695]
 <DEBUG>: [META] AttrLoaded {Ino: 16387} [base.go:975]
 <DEBUG>: [META] AttrLoaded {Ino: 1} [base.go:975]
 -- Read: np2.npy
 <DEBUG>: [META] AttrLoaded {Ino: 1} [base.go:975]
 <DEBUG>: [META] Lookup {Name: ndarrays, ParentIno: 1, FoundIno: 6145} [redis.go:777]
 <DEBUG>: [META] AttrLoaded {Ino: 6145} [base.go:975]
 <DEBUG>: [META] Lookup {Name: np2.npy, ParentIno: 6145, FoundIno: 16388} [redis.go:777]
 <DEBUG>: [META] AttrLoaded {Ino: 16388} [base.go:975]
 <DEBUG>: [META] AttrLoaded {Ino: 16388} [base.go:975]
 <DEBUG>: [META] AttrLoaded {Ino: 16388} [base.go:975]
 <DEBUG>: [META] AttrLoaded {Ino: 16388} [base.go:975]
 <DEBUG>: [READAHEAD] Readahead {off: 131072, len: 4194304} [reader.go:551]
 <DEBUG>: [READAHEAD] Readahead {off: 4194304, len: 4194304} [reader.go:551]
 <DEBUG>: [META] LoadSlices {Ino: 16388, Chunk_id: 0} [base.go:1501]
 <DEBUG>: [META] CacheLoadedSlices {Ino: 16388, Chunk_id: 0} [base.go:1522]
 <DEBUG>: [META] LoadSlices {Ino: 16388, Chunk_id: 0} [base.go:1501]
 <DEBUG>: [META] CacheLoadedSlices {Ino: 16388, Chunk_id: 0} [base.go:1522]
 <DEBUG>: [META] LoadSlices {Ino: 16388, Chunk_id: 0} [base.go:1501]
 <DEBUG>: [META] CacheLoadedSlices {Ino: 16388, Chunk_id: 0} [base.go:1522]
 <DEBUG>: [OBJECT] PartialGET {Key: chunks/0/69/69640_0_4194304, Range: [boff: 4194176, len: 128], Ino: %!d(<nil>)} [cached_store.go:186]
 <DEBUG>: GET chunks/0/69/69640_0_4194304 RANGE(4194176,128) (req_id: "", err: <nil>, cost: 376.425µs) [cached_store.go:695]
 <DEBUG>: [OBJECT] Prefetch {Key: chunks/0/69/69640_0_4194304, Ino: %!d(<nil>)} [cached_store.go:197]
 <DEBUG>: [OBJECT] GetFromObjectStorage {Key: chunks/0/69/69639_0_128, Ino: } [cached_store.go:735]
 <DEBUG>: GET chunks/0/69/69639_0_128 (req_id: "", err: <nil>, cost: 323.153µs) [cached_store.go:695]
 <DEBUG>: [OBJECT] GetFromObjectStorage {Key: chunks/0/69/69640_0_4194304, Ino: } [cached_store.go:735]
 <DEBUG>: GET chunks/0/69/69640_0_4194304 (req_id: "", err: <nil>, cost: 1.802936ms) [cached_store.go:695]
 <DEBUG>: [OBJECT] GetFromObjectStorage {Key: chunks/0/69/69640_1_4194304, Ino: } [cached_store.go:735]
 <DEBUG>: GET chunks/0/69/69640_1_4194304 (req_id: "", err: <nil>, cost: 1.956023ms) [cached_store.go:695]
 <DEBUG>: [META] AttrLoaded {Ino: 16388} [base.go:975]
 <DEBUG>: [META] AttrLoaded {Ino: 16388} [base.go:975]
 <DEBUG>: [META] AttrLoaded {Ino: 16388} [base.go:975]
 <DEBUG>: [META] AttrLoaded {Ino: 16388} [base.go:975]
 <DEBUG>: [READAHEAD] Readahead {off: 8388608, len: 4194304} [reader.go:551]
 <DEBUG>: [READAHEAD] Readahead {off: 12582912, len: 4194304} [reader.go:551]
 <DEBUG>: [META] CachedSlicesHit {Ino: 16388, Chunk_id: 0} [base.go:1493]
 <DEBUG>: [META] CachedSlicesHit {Ino: 16388, Chunk_id: 0} [base.go:1493]
 <DEBUG>: [OBJECT] PartialGET {Key: chunks/0/69/69640_1_4194304, Range: [boff: 4194176, len: 128], Ino: %!d(<nil>)} [cached_store.go:186]
 <DEBUG>: GET chunks/0/69/69640_1_4194304 RANGE(4194176,128) (req_id: "", err: <nil>, cost: 290.088µs) [cached_store.go:695]
 <DEBUG>: [OBJECT] Prefetch {Key: chunks/0/69/69640_1_4194304, Ino: %!d(<nil>)} [cached_store.go:197]
 <DEBUG>: [OBJECT] PartialGET {Key: chunks/0/69/69640_2_4194304, Range: [boff: 4194176, len: 128], Ino: %!d(<nil>)} [cached_store.go:186]
 <DEBUG>: GET chunks/0/69/69640_2_4194304 RANGE(4194176,128) (req_id: "", err: <nil>, cost: 1.020159ms) [cached_store.go:695]
 <DEBUG>: [OBJECT] Prefetch {Key: chunks/0/69/69640_2_4194304, Ino: %!d(<nil>)} [cached_store.go:197]
 <DEBUG>: [OBJECT] GetFromObjectStorage {Key: chunks/0/69/69640_2_4194304, Ino: } [cached_store.go:735]
 <DEBUG>: [OBJECT] GetFromObjectStorage {Key: chunks/0/69/69640_3_4194304, Ino: } [cached_store.go:735]
 <DEBUG>: GET chunks/0/69/69640_3_4194304 (req_id: "", err: <nil>, cost: 1.660527ms) [cached_store.go:695]
 <DEBUG>: GET chunks/0/69/69640_2_4194304 (req_id: "", err: <nil>, cost: 1.990027ms) [cached_store.go:695]
 <DEBUG>: [READAHEAD] Readahead {off: 16777216, len: 4194304} [reader.go:551]
 <DEBUG>: [META] CachedSlicesHit {Ino: 16388, Chunk_id: 0} [base.go:1493]
 <DEBUG>: [OBJECT] PartialGET {Key: chunks/0/69/69640_3_4194304, Range: [boff: 4194176, len: 128], Ino: %!d(<nil>)} [cached_store.go:186]
 <DEBUG>: GET chunks/0/69/69640_3_4194304 RANGE(4194176,128) (req_id: "", err: <nil>, cost: 279.253µs) [cached_store.go:695]
 <DEBUG>: [OBJECT] Prefetch {Key: chunks/0/69/69640_3_4194304, Ino: %!d(<nil>)} [cached_store.go:197]
 <DEBUG>: [READAHEAD] Readahead {off: 20971520, len: 4194304} [reader.go:551]
 <DEBUG>: [META] CachedSlicesHit {Ino: 16388, Chunk_id: 0} [base.go:1493]
 <DEBUG>: [OBJECT] GetFromObjectStorage {Key: chunks/0/69/69640_4_4194304, Ino: } [cached_store.go:735]
 <DEBUG>: GET chunks/0/69/69640_4_4194304 (req_id: "", err: <nil>, cost: 2.9721ms) [cached_store.go:695]
 <DEBUG>: [OBJECT] GetFromObjectStorage {Key: chunks/0/69/69640_5_4194304, Ino: } [cached_store.go:735]
 <DEBUG>: GET chunks/0/69/69640_5_4194304 (req_id: "", err: <nil>, cost: 3.583511ms) [cached_store.go:695]
 <DEBUG>: [READAHEAD] Readahead {off: 25165824, len: 4194304} [reader.go:551]
 <DEBUG>: [META] CachedSlicesHit {Ino: 16388, Chunk_id: 0} [base.go:1493]
 <DEBUG>: [OBJECT] PartialGET {Key: chunks/0/69/69640_5_4194304, Range: [boff: 4194176, len: 128], Ino: %!d(<nil>)} [cached_store.go:186]
 <DEBUG>: GET chunks/0/69/69640_5_4194304 RANGE(4194176,128) (req_id: "", err: <nil>, cost: 484.305µs) [cached_store.go:695]
 <DEBUG>: [OBJECT] Prefetch {Key: chunks/0/69/69640_5_4194304, Ino: %!d(<nil>)} [cached_store.go:197]
 <DEBUG>: [READAHEAD] Readahead {off: 29360128, len: 4194304} [reader.go:551]
 <DEBUG>: [META] CachedSlicesHit {Ino: 16388, Chunk_id: 0} [base.go:1493]
 <DEBUG>: [OBJECT] GetFromObjectStorage {Key: chunks/0/69/69640_6_4194304, Ino: } [cached_store.go:735]
 <DEBUG>: GET chunks/0/69/69640_6_4194304 (req_id: "", err: <nil>, cost: 2.931448ms) [cached_store.go:695]
 <DEBUG>: [OBJECT] GetFromObjectStorage {Key: chunks/0/69/69640_7_2639872, Ino: } [cached_store.go:735]
 <DEBUG>: GET chunks/0/69/69640_7_2639872 (req_id: "", err: <nil>, cost: 1.728946ms) [cached_store.go:695]
 <DEBUG>: [META] AttrLoaded {Ino: 16388} [base.go:975]
 <DEBUG>: [META] AttrLoaded {Ino: 1} [base.go:975]
 <DEBUG>: [META] AttrLoaded {Ino: 1} [base.go:975]